ERROR - 2018-09-26 17:12:24 --> 404 Page Not Found: admin/webggg
<<<<<<< HEAD
ERROR - 2018-09-26 17:36:00 --> 404 Page Not Found: assets/js/bootstrap/bootstrap.min.js.map
ERROR - 2018-09-26 17:36:00 --> 404 Page Not Found: assets/css/bootstrap/bootstrap.min.css.map
ERROR - 2018-09-26 17:36:00 --> 404 Page Not Found: assets/js/bootstrap/popper.min.js.map
ERROR - 2018-09-26 17:36:34 --> 404 Page Not Found: assets/css/bootstrap/bootstrap.min.css.map
ERROR - 2018-09-26 17:36:36 --> 404 Page Not Found: assets/js/bootstrap/popper.min.js.map
ERROR - 2018-09-26 17:36:36 --> 404 Page Not Found: assets/js/bootstrap/bootstrap.min.js.map
ERROR - 2018-09-26 17:36:39 --> 404 Page Not Found: assets/js/bootstrap/popper.min.js.map
ERROR - 2018-09-26 17:36:39 --> 404 Page Not Found: assets/js/bootstrap/bootstrap.min.js.map
ERROR - 2018-09-26 17:36:39 --> 404 Page Not Found: assets/css/bootstrap/bootstrap.min.css.map
ERROR - 2018-09-26 17:36:42 --> 404 Page Not Found: assets/css/bootstrap/bootstrap.min.css.map
ERROR - 2018-09-26 17:36:42 --> 404 Page Not Found: assets/css/bootstrap/bootstrap.min.css.map
ERROR - 2018-09-26 17:36:43 --> 404 Page Not Found: assets/js/bootstrap/bootstrap.min.js.map
ERROR - 2018-09-26 17:36:43 --> 404 Page Not Found: assets/js/bootstrap/popper.min.js.map
=======
ERROR - 2018-09-26 17:26:15 --> Could not find the language line "Home"
ERROR - 2018-09-26 17:29:03 --> 404 Page Not Found: admin/challenge
ERROR - 2018-09-26 17:29:36 --> 404 Page Not Found: admin/challenge
ERROR - 2018-09-26 17:30:08 --> 404 Page Not Found: admin/challenge
ERROR - 2018-09-26 17:30:21 --> 404 Page Not Found: admin/challenge
ERROR - 2018-09-26 17:31:33 --> 404 Page Not Found: ../modules/admin/controllers/Sysadmin/challenge
ERROR - 2018-09-26 17:31:34 --> 404 Page Not Found: ../modules/admin/controllers/Sysadmin/challenge
ERROR - 2018-09-26 17:31:35 --> 404 Page Not Found: ../modules/admin/controllers/Sysadmin/challenge
ERROR - 2018-09-26 17:31:37 --> 404 Page Not Found: ../modules/admin/controllers/Sysadmin/challenge
ERROR - 2018-09-26 17:31:39 --> 404 Page Not Found: ../modules/admin/controllers/Sysadmin/challenge
ERROR - 2018-09-26 17:31:45 --> 404 Page Not Found: ../modules/admin/controllers/Sysadmin/challenge
ERROR - 2018-09-26 17:32:36 --> 404 Page Not Found: ../modules/admin/controllers/Sysadmin/challenge
ERROR - 2018-09-26 17:32:37 --> 404 Page Not Found: ../modules/admin/controllers/Sysadmin/challenge
ERROR - 2018-09-26 17:32:37 --> 404 Page Not Found: ../modules/admin/controllers/Sysadmin/challenge
ERROR - 2018-09-26 17:32:37 --> 404 Page Not Found: ../modules/admin/controllers/Sysadmin/challenge
ERROR - 2018-09-26 17:32:44 --> 404 Page Not Found: ../modules/admin/controllers/Sysadmin/challenge
<<<<<<< HEAD
ERROR - 2018-09-26 17:41:54 --> 404 Page Not Found: assets/js/bootstrap/bootstrap.min.js.map
ERROR - 2018-09-26 17:41:54 --> 404 Page Not Found: assets/js/bootstrap/popper.min.js.map
ERROR - 2018-09-26 17:41:54 --> 404 Page Not Found: assets/css/bootstrap/bootstrap.min.css.map
ERROR - 2018-09-26 17:44:53 --> 404 Page Not Found: assets/js/bootstrap/popper.min.js.map
ERROR - 2018-09-26 17:44:53 --> 404 Page Not Found: assets/js/bootstrap/bootstrap.min.js.map
ERROR - 2018-09-26 17:44:53 --> 404 Page Not Found: assets/css/bootstrap/bootstrap.min.css.map
ERROR - 2018-09-26 17:45:33 --> 404 Page Not Found: assets/js/bootstrap/popper.min.js.map
ERROR - 2018-09-26 17:45:33 --> 404 Page Not Found: assets/js/bootstrap/bootstrap.min.js.map
ERROR - 2018-09-26 17:45:33 --> 404 Page Not Found: assets/css/bootstrap/bootstrap.min.css.map
ERROR - 2018-09-26 17:47:46 --> 404 Page Not Found: assets/js/bootstrap/bootstrap.min.js.map
ERROR - 2018-09-26 17:47:46 --> 404 Page Not Found: assets/js/bootstrap/popper.min.js.map
ERROR - 2018-09-26 17:47:46 --> 404 Page Not Found: assets/css/bootstrap/bootstrap.min.css.map
ERROR - 2018-09-26 17:48:20 --> 404 Page Not Found: assets/js/bootstrap/bootstrap.min.js.map
ERROR - 2018-09-26 17:48:20 --> 404 Page Not Found: assets/js/bootstrap/popper.min.js.map
ERROR - 2018-09-26 17:48:20 --> 404 Page Not Found: assets/css/bootstrap/bootstrap.min.css.map
ERROR - 2018-09-26 17:49:09 --> 404 Page Not Found: assets/js/bootstrap/bootstrap.min.js.map
ERROR - 2018-09-26 17:49:09 --> 404 Page Not Found: assets/js/bootstrap/popper.min.js.map
ERROR - 2018-09-26 17:49:09 --> 404 Page Not Found: assets/css/bootstrap/bootstrap.min.css.map
ERROR - 2018-09-26 17:50:04 --> Severity: Notice --> Undefined variable: result D:\OSPanel\domains\localhost\NestGarage\application\modules\admin\views\challenge.php 18
ERROR - 2018-09-26 17:51:27 --> Severity: Notice --> Undefined variable: result D:\OSPanel\domains\localhost\NestGarage\application\modules\admin\views\challenge.php 29
ERROR - 2018-09-26 17:51:27 --> Severity: Notice --> Undefined variable: result D:\OSPanel\domains\localhost\NestGarage\application\modules\admin\views\challenge.php 32
ERROR - 2018-09-26 17:51:27 --> Severity: Notice --> Undefined variable: result D:\OSPanel\domains\localhost\NestGarage\application\modules\admin\views\challenge.php 37
ERROR - 2018-09-26 17:51:27 --> Severity: Notice --> Undefined variable: result D:\OSPanel\domains\localhost\NestGarage\application\modules\admin\views\challenge.php 40
ERROR - 2018-09-26 18:12:16 --> 404 Page Not Found: assets/js/bootstrap/popper.min.js.map
ERROR - 2018-09-26 18:12:16 --> 404 Page Not Found: assets/js/bootstrap/bootstrap.min.js.map
ERROR - 2018-09-26 18:12:16 --> 404 Page Not Found: assets/css/bootstrap/bootstrap.min.css.map
ERROR - 2018-09-26 18:13:54 --> 404 Page Not Found: assets/css/bootstrap/bootstrap.min.css.map
ERROR - 2018-09-26 18:13:54 --> 404 Page Not Found: assets/js/bootstrap/bootstrap.min.js.map
ERROR - 2018-09-26 18:13:54 --> 404 Page Not Found: assets/js/bootstrap/popper.min.js.map
ERROR - 2018-09-26 18:14:39 --> 404 Page Not Found: assets/js/bootstrap/popper.min.js.map
ERROR - 2018-09-26 18:14:39 --> 404 Page Not Found: assets/js/bootstrap/bootstrap.min.js.map
ERROR - 2018-09-26 18:14:39 --> 404 Page Not Found: assets/css/bootstrap/bootstrap.min.css.map
ERROR - 2018-09-26 18:15:35 --> 404 Page Not Found: assets/js/bootstrap/popper.min.js.map
ERROR - 2018-09-26 18:15:35 --> 404 Page Not Found: assets/js/bootstrap/bootstrap.min.js.map
ERROR - 2018-09-26 18:15:35 --> 404 Page Not Found: assets/css/bootstrap/bootstrap.min.css.map
ERROR - 2018-09-26 18:17:27 --> 404 Page Not Found: assets/css/bootstrap/bootstrap.min.css.map
ERROR - 2018-09-26 18:17:27 --> 404 Page Not Found: assets/js/bootstrap/bootstrap.min.js.map
ERROR - 2018-09-26 18:17:27 --> 404 Page Not Found: assets/js/bootstrap/popper.min.js.map
ERROR - 2018-09-26 18:17:38 --> 404 Page Not Found: assets/js/bootstrap/popper.min.js.map
ERROR - 2018-09-26 18:17:38 --> 404 Page Not Found: assets/js/bootstrap/bootstrap.min.js.map
ERROR - 2018-09-26 18:17:38 --> 404 Page Not Found: assets/css/bootstrap/bootstrap.min.css.map
ERROR - 2018-09-26 18:18:14 --> 404 Page Not Found: assets/js/bootstrap/popper.min.js.map
ERROR - 2018-09-26 18:18:14 --> 404 Page Not Found: assets/js/bootstrap/bootstrap.min.js.map
ERROR - 2018-09-26 18:18:14 --> 404 Page Not Found: assets/css/bootstrap/bootstrap.min.css.map
ERROR - 2018-09-26 18:19:00 --> 404 Page Not Found: assets/js/bootstrap/popper.min.js.map
ERROR - 2018-09-26 18:19:00 --> 404 Page Not Found: assets/css/bootstrap/bootstrap.min.css.map
ERROR - 2018-09-26 18:19:00 --> 404 Page Not Found: assets/js/bootstrap/bootstrap.min.js.map
ERROR - 2018-09-26 18:19:29 --> 404 Page Not Found: assets/js/bootstrap/popper.min.js.map
ERROR - 2018-09-26 18:19:29 --> 404 Page Not Found: assets/js/bootstrap/bootstrap.min.js.map
ERROR - 2018-09-26 18:19:29 --> 404 Page Not Found: assets/css/bootstrap/bootstrap.min.css.map
ERROR - 2018-09-26 18:20:55 --> 404 Page Not Found: assets/css/bootstrap/bootstrap.min.css.map
ERROR - 2018-09-26 18:20:56 --> 404 Page Not Found: assets/js/bootstrap/popper.min.js.map
ERROR - 2018-09-26 18:20:56 --> 404 Page Not Found: assets/js/bootstrap/bootstrap.min.js.map
ERROR - 2018-09-26 18:25:01 --> 404 Page Not Found: assets/js/bootstrap/popper.min.js.map
ERROR - 2018-09-26 18:25:01 --> 404 Page Not Found: assets/js/bootstrap/bootstrap.min.js.map
ERROR - 2018-09-26 18:25:01 --> 404 Page Not Found: assets/css/bootstrap/bootstrap.min.css.map
=======
>>>>>>> 8c6243d019196091e3e012150c36e9afae44bad9
ERROR - 2018-09-26 17:38:56 --> 404 Page Not Found: assets/css/bootstrap/bootstrap.min.css.map
ERROR - 2018-09-26 17:38:57 --> 404 Page Not Found: assets/js/bootstrap/popper.min.js.map
ERROR - 2018-09-26 17:38:57 --> 404 Page Not Found: assets/js/bootstrap/bootstrap.min.js.map
ERROR - 2018-09-26 17:40:20 --> Could not find the language line "Home"
ERROR - 2018-09-26 17:43:25 --> 404 Page Not Found: assets/css/bootstrap/bootstrap.min.css.map
ERROR - 2018-09-26 17:43:26 --> 404 Page Not Found: assets/js/bootstrap/popper.min.js.map
ERROR - 2018-09-26 17:43:26 --> 404 Page Not Found: assets/js/bootstrap/bootstrap.min.js.map
ERROR - 2018-09-26 17:44:07 --> 404 Page Not Found: assets/js/bootstrap/bootstrap.min.js.map
ERROR - 2018-09-26 17:44:07 --> 404 Page Not Found: assets/js/bootstrap/popper.min.js.map
ERROR - 2018-09-26 17:44:07 --> 404 Page Not Found: assets/css/bootstrap/bootstrap.min.css.map
ERROR - 2018-09-26 17:46:03 --> 404 Page Not Found: assets/js/bootstrap/bootstrap.min.js.map
ERROR - 2018-09-26 17:46:03 --> 404 Page Not Found: assets/js/bootstrap/popper.min.js.map
ERROR - 2018-09-26 17:46:03 --> 404 Page Not Found: assets/css/bootstrap/bootstrap.min.css.map
ERROR - 2018-09-26 17:46:09 --> 404 Page Not Found: assets/js/bootstrap/bootstrap.min.js.map
ERROR - 2018-09-26 17:46:09 --> 404 Page Not Found: assets/css/bootstrap/bootstrap.min.css.map
ERROR - 2018-09-26 17:46:09 --> 404 Page Not Found: assets/js/bootstrap/popper.min.js.map
ERROR - 2018-09-26 17:46:20 --> 404 Page Not Found: assets/js/bootstrap/bootstrap.min.js.map
ERROR - 2018-09-26 17:46:20 --> 404 Page Not Found: assets/js/bootstrap/popper.min.js.map
ERROR - 2018-09-26 17:46:20 --> 404 Page Not Found: assets/css/bootstrap/bootstrap.min.css.map
ERROR - 2018-09-26 17:46:32 --> 404 Page Not Found: assets/css/bootstrap/bootstrap.min.css.map
ERROR - 2018-09-26 17:46:32 --> 404 Page Not Found: assets/js/bootstrap/bootstrap.min.js.map
ERROR - 2018-09-26 17:46:32 --> 404 Page Not Found: assets/js/bootstrap/popper.min.js.map
ERROR - 2018-09-26 17:56:51 --> 404 Page Not Found: assets/css/bootstrap/bootstrap.min.css.map
ERROR - 2018-09-26 17:56:51 --> 404 Page Not Found: assets/js/bootstrap/popper.min.js.map
ERROR - 2018-09-26 17:56:51 --> 404 Page Not Found: assets/js/bootstrap/bootstrap.min.js.map
ERROR - 2018-09-26 17:56:54 --> 404 Page Not Found: assets/js/bootstrap/popper.min.js.map
ERROR - 2018-09-26 17:56:54 --> 404 Page Not Found: assets/js/bootstrap/bootstrap.min.js.map
ERROR - 2018-09-26 17:56:54 --> 404 Page Not Found: assets/css/bootstrap/bootstrap.min.css.map
ERROR - 2018-09-26 17:56:57 --> 404 Page Not Found: assets/css/bootstrap/bootstrap.min.css.map
ERROR - 2018-09-26 17:56:57 --> 404 Page Not Found: assets/js/bootstrap/bootstrap.min.js.map
ERROR - 2018-09-26 17:56:57 --> 404 Page Not Found: assets/js/bootstrap/popper.min.js.map
ERROR - 2018-09-26 17:58:43 --> 404 Page Not Found: assets/js/bootstrap/bootstrap.min.js.map
ERROR - 2018-09-26 17:58:43 --> 404 Page Not Found: assets/css/bootstrap/bootstrap.min.css.map
ERROR - 2018-09-26 17:58:43 --> 404 Page Not Found: assets/js/bootstrap/popper.min.js.map
ERROR - 2018-09-26 17:59:03 --> 404 Page Not Found: assets/css/bootstrap/bootstrap.min.css.map
ERROR - 2018-09-26 17:59:03 --> 404 Page Not Found: assets/js/bootstrap/popper.min.js.map
ERROR - 2018-09-26 17:59:03 --> 404 Page Not Found: assets/js/bootstrap/bootstrap.min.js.map
ERROR - 2018-09-26 17:59:26 --> 404 Page Not Found: assets/css/bootstrap/bootstrap.min.css.map
ERROR - 2018-09-26 17:59:26 --> 404 Page Not Found: assets/js/bootstrap/popper.min.js.map
ERROR - 2018-09-26 17:59:26 --> 404 Page Not Found: assets/js/bootstrap/bootstrap.min.js.map
ERROR - 2018-09-26 18:00:10 --> 404 Page Not Found: assets/js/bootstrap/popper.min.js.map
ERROR - 2018-09-26 18:00:10 --> 404 Page Not Found: assets/js/bootstrap/bootstrap.min.js.map
ERROR - 2018-09-26 18:00:10 --> 404 Page Not Found: assets/css/bootstrap/bootstrap.min.css.map
ERROR - 2018-09-26 18:00:36 --> 404 Page Not Found: assets/css/bootstrap/bootstrap.min.css.map
ERROR - 2018-09-26 18:00:36 --> 404 Page Not Found: assets/js/bootstrap/bootstrap.min.js.map
ERROR - 2018-09-26 18:00:36 --> 404 Page Not Found: assets/js/bootstrap/popper.min.js.map
ERROR - 2018-09-26 18:03:18 --> 404 Page Not Found: assets/js/bootstrap/bootstrap.min.js.map
ERROR - 2018-09-26 18:03:18 --> 404 Page Not Found: assets/css/bootstrap/bootstrap.min.css.map
ERROR - 2018-09-26 18:03:18 --> 404 Page Not Found: assets/js/bootstrap/popper.min.js.map
>>>>>>> 46c335aca5a63f636f810b3779ba00035c0346b7
