ERROR - 2018-10-02 09:36:07 --> 404 Page Not Found: gsdfgfsd
ERROR - 2018-10-02 09:36:07 --> 404 Page Not Found: assets/img/9bfd8c22.jpg
ERROR - 2018-10-02 09:43:35 --> 404 Page Not Found: gsdfgfsd
ERROR - 2018-10-02 09:43:35 --> 404 Page Not Found: assets/img/9bfd8c22.jpg
ERROR - 2018-10-02 09:59:58 --> 404 Page Not Found: assets/js/bootstrap/bootstrap.min.js.map
ERROR - 2018-10-02 09:59:58 --> 404 Page Not Found: assets/js/bootstrap/popper.min.js.map
ERROR - 2018-10-02 09:59:58 --> 404 Page Not Found: assets/css/bootstrap/bootstrap.min.css.map
ERROR - 2018-10-02 10:00:22 --> 404 Page Not Found: assets/js/bootstrap/popper.min.js.map
ERROR - 2018-10-02 10:00:22 --> 404 Page Not Found: assets/css/bootstrap/bootstrap.min.css.map
ERROR - 2018-10-02 10:00:22 --> 404 Page Not Found: assets/js/bootstrap/bootstrap.min.js.map
ERROR - 2018-10-02 10:01:55 --> 404 Page Not Found: assets/js/bootstrap/bootstrap.min.js.map
ERROR - 2018-10-02 10:01:55 --> 404 Page Not Found: assets/css/bootstrap/bootstrap.min.css.map
ERROR - 2018-10-02 10:01:55 --> 404 Page Not Found: assets/js/bootstrap/popper.min.js.map
ERROR - 2018-10-02 10:03:21 --> 404 Page Not Found: assets/js/bootstrap/popper.min.js.map
ERROR - 2018-10-02 10:03:21 --> 404 Page Not Found: assets/js/bootstrap/bootstrap.min.js.map
ERROR - 2018-10-02 10:03:21 --> 404 Page Not Found: assets/css/bootstrap/bootstrap.min.css.map
ERROR - 2018-10-02 10:07:40 --> 404 Page Not Found: assets/js/bootstrap/popper.min.js.map
ERROR - 2018-10-02 10:07:40 --> 404 Page Not Found: assets/js/bootstrap/bootstrap.min.js.map
ERROR - 2018-10-02 10:07:40 --> 404 Page Not Found: assets/css/bootstrap/bootstrap.min.css.map
ERROR - 2018-10-02 10:07:56 --> 404 Page Not Found: assets/js/bootstrap/popper.min.js.map
ERROR - 2018-10-02 10:07:56 --> 404 Page Not Found: assets/js/bootstrap/bootstrap.min.js.map
ERROR - 2018-10-02 10:07:56 --> 404 Page Not Found: assets/css/bootstrap/bootstrap.min.css.map
ERROR - 2018-10-02 10:08:20 --> 404 Page Not Found: assets/js/bootstrap/popper.min.js.map
ERROR - 2018-10-02 10:08:20 --> 404 Page Not Found: assets/css/bootstrap/bootstrap.min.css.map
ERROR - 2018-10-02 10:08:20 --> 404 Page Not Found: assets/js/bootstrap/bootstrap.min.js.map
ERROR - 2018-10-02 10:09:40 --> 404 Page Not Found: assets/js/bootstrap/popper.min.js.map
ERROR - 2018-10-02 10:09:40 --> 404 Page Not Found: assets/css/bootstrap/bootstrap.min.css.map
ERROR - 2018-10-02 10:09:40 --> 404 Page Not Found: assets/js/bootstrap/bootstrap.min.js.map
ERROR - 2018-10-02 10:10:23 --> 404 Page Not Found: assets/js/bootstrap/bootstrap.min.js.map
ERROR - 2018-10-02 10:10:23 --> 404 Page Not Found: assets/js/bootstrap/popper.min.js.map
ERROR - 2018-10-02 10:10:23 --> 404 Page Not Found: assets/css/bootstrap/bootstrap.min.css.map
ERROR - 2018-10-02 10:10:30 --> 404 Page Not Found: assets/js/bootstrap/popper.min.js.map
ERROR - 2018-10-02 10:10:30 --> 404 Page Not Found: assets/js/bootstrap/bootstrap.min.js.map
ERROR - 2018-10-02 10:10:30 --> 404 Page Not Found: assets/css/bootstrap/bootstrap.min.css.map
ERROR - 2018-10-02 10:31:22 --> 404 Page Not Found: assets/js/bootstrap/popper.min.js.map
ERROR - 2018-10-02 10:31:22 --> 404 Page Not Found: assets/js/bootstrap/bootstrap.min.js.map
ERROR - 2018-10-02 10:31:22 --> 404 Page Not Found: assets/css/bootstrap/bootstrap.min.css.map
ERROR - 2018-10-02 10:35:44 --> 404 Page Not Found: assets/js/bootstrap/bootstrap.min.js.map
ERROR - 2018-10-02 10:35:44 --> 404 Page Not Found: assets/js/bootstrap/popper.min.js.map
ERROR - 2018-10-02 10:35:44 --> 404 Page Not Found: assets/css/bootstrap/bootstrap.min.css.map
ERROR - 2018-10-02 10:37:35 --> 404 Page Not Found: assets/css/bootstrap/bootstrap.min.css.map
ERROR - 2018-10-02 10:37:35 --> 404 Page Not Found: assets/js/bootstrap/bootstrap.min.js.map
ERROR - 2018-10-02 10:37:35 --> 404 Page Not Found: assets/js/bootstrap/popper.min.js.map
ERROR - 2018-10-02 10:37:50 --> 404 Page Not Found: assets/js/bootstrap/popper.min.js.map
ERROR - 2018-10-02 10:37:50 --> 404 Page Not Found: assets/css/bootstrap/bootstrap.min.css.map
ERROR - 2018-10-02 10:37:50 --> 404 Page Not Found: assets/js/bootstrap/bootstrap.min.js.map
ERROR - 2018-10-02 10:38:10 --> 404 Page Not Found: assets/js/bootstrap/popper.min.js.map
ERROR - 2018-10-02 10:38:10 --> 404 Page Not Found: assets/js/bootstrap/bootstrap.min.js.map
ERROR - 2018-10-02 10:38:10 --> 404 Page Not Found: assets/css/bootstrap/bootstrap.min.css.map
ERROR - 2018-10-02 10:39:00 --> 404 Page Not Found: assets/js/bootstrap/bootstrap.min.js.map
ERROR - 2018-10-02 10:39:00 --> 404 Page Not Found: assets/js/bootstrap/popper.min.js.map
ERROR - 2018-10-02 10:39:00 --> 404 Page Not Found: assets/css/bootstrap/bootstrap.min.css.map
ERROR - 2018-10-02 10:40:03 --> 404 Page Not Found: assets/js/bootstrap/popper.min.js.map
ERROR - 2018-10-02 10:40:03 --> 404 Page Not Found: assets/js/bootstrap/bootstrap.min.js.map
ERROR - 2018-10-02 10:40:03 --> 404 Page Not Found: assets/css/bootstrap/bootstrap.min.css.map
ERROR - 2018-10-02 10:40:31 --> 404 Page Not Found: assets/js/bootstrap/popper.min.js.map
ERROR - 2018-10-02 10:40:31 --> 404 Page Not Found: assets/js/bootstrap/bootstrap.min.js.map
ERROR - 2018-10-02 10:40:31 --> 404 Page Not Found: assets/css/bootstrap/bootstrap.min.css.map
ERROR - 2018-10-02 10:41:20 --> 404 Page Not Found: assets/js/bootstrap/popper.min.js.map
ERROR - 2018-10-02 10:41:20 --> 404 Page Not Found: assets/js/bootstrap/bootstrap.min.js.map
ERROR - 2018-10-02 10:41:20 --> 404 Page Not Found: assets/css/bootstrap/bootstrap.min.css.map
ERROR - 2018-10-02 10:42:38 --> 404 Page Not Found: assets/js/bootstrap/popper.min.js.map
ERROR - 2018-10-02 10:42:38 --> 404 Page Not Found: assets/js/bootstrap/bootstrap.min.js.map
ERROR - 2018-10-02 10:42:38 --> 404 Page Not Found: assets/css/bootstrap/bootstrap.min.css.map
ERROR - 2018-10-02 10:44:20 --> 404 Page Not Found: assets/js/bootstrap/bootstrap.min.js.map
ERROR - 2018-10-02 10:44:20 --> 404 Page Not Found: assets/js/bootstrap/popper.min.js.map
ERROR - 2018-10-02 10:44:20 --> 404 Page Not Found: assets/css/bootstrap/bootstrap.min.css.map
ERROR - 2018-10-02 10:45:19 --> 404 Page Not Found: assets/js/bootstrap/popper.min.js.map
ERROR - 2018-10-02 10:45:19 --> 404 Page Not Found: assets/js/bootstrap/bootstrap.min.js.map
ERROR - 2018-10-02 10:45:19 --> 404 Page Not Found: assets/css/bootstrap/bootstrap.min.css.map
ERROR - 2018-10-02 10:46:14 --> 404 Page Not Found: assets/js/bootstrap/popper.min.js.map
ERROR - 2018-10-02 10:46:14 --> 404 Page Not Found: assets/js/bootstrap/bootstrap.min.js.map
ERROR - 2018-10-02 10:46:14 --> 404 Page Not Found: assets/css/bootstrap/bootstrap.min.css.map
ERROR - 2018-10-02 10:46:53 --> 404 Page Not Found: assets/js/bootstrap/bootstrap.min.js.map
ERROR - 2018-10-02 10:46:53 --> 404 Page Not Found: assets/js/bootstrap/popper.min.js.map
ERROR - 2018-10-02 10:46:53 --> 404 Page Not Found: assets/css/bootstrap/bootstrap.min.css.map
ERROR - 2018-10-02 10:47:01 --> 404 Page Not Found: assets/js/bootstrap/popper.min.js.map
ERROR - 2018-10-02 10:47:01 --> 404 Page Not Found: assets/css/bootstrap/bootstrap.min.css.map
ERROR - 2018-10-02 10:47:01 --> 404 Page Not Found: assets/js/bootstrap/bootstrap.min.js.map
ERROR - 2018-10-02 10:48:06 --> 404 Page Not Found: assets/js/bootstrap/popper.min.js.map
ERROR - 2018-10-02 10:48:06 --> 404 Page Not Found: assets/js/bootstrap/bootstrap.min.js.map
ERROR - 2018-10-02 10:48:06 --> 404 Page Not Found: assets/css/bootstrap/bootstrap.min.css.map
ERROR - 2018-10-02 10:48:21 --> 404 Page Not Found: assets/js/bootstrap/popper.min.js.map
ERROR - 2018-10-02 10:48:21 --> 404 Page Not Found: assets/js/bootstrap/bootstrap.min.js.map
ERROR - 2018-10-02 10:48:21 --> 404 Page Not Found: assets/css/bootstrap/bootstrap.min.css.map
ERROR - 2018-10-02 10:51:45 --> 404 Page Not Found: assets/js/bootstrap/popper.min.js.map
ERROR - 2018-10-02 10:51:45 --> 404 Page Not Found: assets/js/bootstrap/bootstrap.min.js.map
ERROR - 2018-10-02 10:51:45 --> 404 Page Not Found: assets/css/bootstrap/bootstrap.min.css.map
ERROR - 2018-10-02 10:52:06 --> 404 Page Not Found: assets/js/bootstrap/bootstrap.min.js.map
ERROR - 2018-10-02 10:52:06 --> 404 Page Not Found: assets/js/bootstrap/popper.min.js.map
ERROR - 2018-10-02 10:52:06 --> 404 Page Not Found: assets/css/bootstrap/bootstrap.min.css.map
ERROR - 2018-10-02 10:53:10 --> 404 Page Not Found: assets/js/bootstrap/popper.min.js.map
ERROR - 2018-10-02 10:53:10 --> 404 Page Not Found: assets/js/bootstrap/bootstrap.min.js.map
ERROR - 2018-10-02 10:53:10 --> 404 Page Not Found: assets/css/bootstrap/bootstrap.min.css.map
ERROR - 2018-10-02 10:53:19 --> 404 Page Not Found: assets/js/bootstrap/popper.min.js.map
ERROR - 2018-10-02 10:53:19 --> 404 Page Not Found: assets/js/bootstrap/bootstrap.min.js.map
ERROR - 2018-10-02 10:53:19 --> 404 Page Not Found: assets/css/bootstrap/bootstrap.min.css.map
ERROR - 2018-10-02 10:53:22 --> 404 Page Not Found: assets/js/bootstrap/bootstrap.min.js.map
ERROR - 2018-10-02 10:53:22 --> 404 Page Not Found: assets/css/bootstrap/bootstrap.min.css.map
ERROR - 2018-10-02 10:53:22 --> 404 Page Not Found: assets/js/bootstrap/popper.min.js.map
ERROR - 2018-10-02 10:53:57 --> 404 Page Not Found: assets/js/bootstrap/popper.min.js.map
ERROR - 2018-10-02 10:53:57 --> 404 Page Not Found: assets/js/bootstrap/bootstrap.min.js.map
ERROR - 2018-10-02 10:53:57 --> 404 Page Not Found: assets/css/bootstrap/bootstrap.min.css.map
ERROR - 2018-10-02 10:54:00 --> 404 Page Not Found: assets/css/bootstrap/bootstrap.min.css.map
ERROR - 2018-10-02 10:54:00 --> 404 Page Not Found: assets/js/bootstrap/popper.min.js.map
ERROR - 2018-10-02 10:54:00 --> 404 Page Not Found: assets/js/bootstrap/bootstrap.min.js.map
ERROR - 2018-10-02 10:54:10 --> 404 Page Not Found: assets/js/bootstrap/popper.min.js.map
ERROR - 2018-10-02 10:54:10 --> 404 Page Not Found: assets/css/bootstrap/bootstrap.min.css.map
ERROR - 2018-10-02 10:54:10 --> 404 Page Not Found: assets/js/bootstrap/bootstrap.min.js.map
ERROR - 2018-10-02 10:54:51 --> 404 Page Not Found: assets/js/bootstrap/popper.min.js.map
ERROR - 2018-10-02 10:54:51 --> 404 Page Not Found: assets/js/bootstrap/bootstrap.min.js.map
ERROR - 2018-10-02 10:54:51 --> 404 Page Not Found: assets/css/bootstrap/bootstrap.min.css.map
ERROR - 2018-10-02 10:54:54 --> 404 Page Not Found: assets/js/bootstrap/popper.min.js.map
ERROR - 2018-10-02 10:54:54 --> 404 Page Not Found: assets/css/bootstrap/bootstrap.min.css.map
ERROR - 2018-10-02 10:54:54 --> 404 Page Not Found: assets/js/bootstrap/bootstrap.min.js.map
ERROR - 2018-10-02 10:55:14 --> 404 Page Not Found: assets/js/bootstrap/bootstrap.min.js.map
ERROR - 2018-10-02 10:55:14 --> 404 Page Not Found: assets/js/bootstrap/popper.min.js.map
ERROR - 2018-10-02 10:55:14 --> 404 Page Not Found: assets/css/bootstrap/bootstrap.min.css.map
ERROR - 2018-10-02 10:55:18 --> 404 Page Not Found: assets/css/bootstrap/bootstrap.min.css.map
ERROR - 2018-10-02 10:55:18 --> 404 Page Not Found: assets/js/bootstrap/popper.min.js.map
ERROR - 2018-10-02 10:55:18 --> 404 Page Not Found: assets/js/bootstrap/bootstrap.min.js.map
ERROR - 2018-10-02 10:55:33 --> 404 Page Not Found: assets/js/bootstrap/popper.min.js.map
ERROR - 2018-10-02 10:55:33 --> 404 Page Not Found: assets/js/bootstrap/bootstrap.min.js.map
ERROR - 2018-10-02 10:55:33 --> 404 Page Not Found: assets/css/bootstrap/bootstrap.min.css.map
ERROR - 2018-10-02 10:55:49 --> 404 Page Not Found: assets/js/bootstrap/bootstrap.min.js.map
ERROR - 2018-10-02 10:55:49 --> 404 Page Not Found: assets/css/bootstrap/bootstrap.min.css.map
ERROR - 2018-10-02 10:55:50 --> 404 Page Not Found: assets/js/bootstrap/popper.min.js.map
ERROR - 2018-10-02 10:56:04 --> 404 Page Not Found: assets/js/bootstrap/bootstrap.min.js.map
ERROR - 2018-10-02 10:56:04 --> 404 Page Not Found: assets/js/bootstrap/popper.min.js.map
ERROR - 2018-10-02 10:56:04 --> 404 Page Not Found: assets/css/bootstrap/bootstrap.min.css.map
ERROR - 2018-10-02 10:56:07 --> 404 Page Not Found: assets/css/bootstrap/bootstrap.min.css.map
ERROR - 2018-10-02 10:56:07 --> 404 Page Not Found: assets/js/bootstrap/bootstrap.min.js.map
ERROR - 2018-10-02 10:56:07 --> 404 Page Not Found: assets/js/bootstrap/popper.min.js.map
ERROR - 2018-10-02 10:56:54 --> 404 Page Not Found: assets/js/bootstrap/popper.min.js.map
ERROR - 2018-10-02 10:56:54 --> 404 Page Not Found: assets/js/bootstrap/bootstrap.min.js.map
ERROR - 2018-10-02 10:56:54 --> 404 Page Not Found: assets/css/bootstrap/bootstrap.min.css.map
ERROR - 2018-10-02 10:57:36 --> 404 Page Not Found: assets/js/bootstrap/popper.min.js.map
ERROR - 2018-10-02 10:57:36 --> 404 Page Not Found: assets/js/bootstrap/bootstrap.min.js.map
ERROR - 2018-10-02 10:57:36 --> 404 Page Not Found: assets/css/bootstrap/bootstrap.min.css.map
ERROR - 2018-10-02 11:11:02 --> 404 Page Not Found: assets/js/bootstrap/popper.min.js.map
ERROR - 2018-10-02 11:11:02 --> 404 Page Not Found: assets/js/bootstrap/bootstrap.min.js.map
ERROR - 2018-10-02 11:11:02 --> 404 Page Not Found: assets/css/bootstrap/bootstrap.min.css.map
ERROR - 2018-10-02 11:11:13 --> 404 Page Not Found: assets/js/bootstrap/popper.min.js.map
ERROR - 2018-10-02 11:11:13 --> 404 Page Not Found: assets/js/bootstrap/bootstrap.min.js.map
ERROR - 2018-10-02 11:11:13 --> 404 Page Not Found: assets/css/bootstrap/bootstrap.min.css.map
ERROR - 2018-10-02 11:11:53 --> 404 Page Not Found: assets/js/bootstrap/popper.min.js.map
ERROR - 2018-10-02 11:11:53 --> 404 Page Not Found: assets/js/bootstrap/bootstrap.min.js.map
ERROR - 2018-10-02 11:11:53 --> 404 Page Not Found: assets/css/bootstrap/bootstrap.min.css.map
ERROR - 2018-10-02 11:29:25 --> 404 Page Not Found: assets/js/bootstrap/bootstrap.min.js.map
ERROR - 2018-10-02 11:29:25 --> 404 Page Not Found: assets/js/bootstrap/popper.min.js.map
ERROR - 2018-10-02 11:29:25 --> 404 Page Not Found: assets/css/bootstrap/bootstrap.min.css.map
ERROR - 2018-10-02 11:34:29 --> 404 Page Not Found: assets/js/bootstrap/bootstrap.min.js.map
ERROR - 2018-10-02 11:34:29 --> 404 Page Not Found: assets/js/bootstrap/popper.min.js.map
ERROR - 2018-10-02 11:34:29 --> 404 Page Not Found: assets/css/bootstrap/bootstrap.min.css.map
ERROR - 2018-10-02 11:35:23 --> 404 Page Not Found: assets/css/bootstrap/bootstrap.min.css.map
ERROR - 2018-10-02 11:35:23 --> 404 Page Not Found: assets/js/bootstrap/popper.min.js.map
ERROR - 2018-10-02 11:35:23 --> 404 Page Not Found: assets/js/bootstrap/bootstrap.min.js.map
ERROR - 2018-10-02 11:40:35 --> 404 Page Not Found: assets/css/bootstrap/bootstrap.min.css.map
ERROR - 2018-10-02 11:40:35 --> 404 Page Not Found: assets/js/bootstrap/popper.min.js.map
ERROR - 2018-10-02 11:40:35 --> 404 Page Not Found: assets/js/bootstrap/bootstrap.min.js.map
ERROR - 2018-10-02 11:41:13 --> 404 Page Not Found: assets/css/bootstrap/bootstrap.min.css.map
ERROR - 2018-10-02 11:41:13 --> 404 Page Not Found: assets/js/bootstrap/popper.min.js.map
ERROR - 2018-10-02 11:41:13 --> 404 Page Not Found: assets/js/bootstrap/bootstrap.min.js.map
ERROR - 2018-10-02 11:42:38 --> 404 Page Not Found: assets/css/bootstrap/bootstrap.min.css.map
ERROR - 2018-10-02 11:42:38 --> 404 Page Not Found: assets/js/bootstrap/bootstrap.min.js.map
ERROR - 2018-10-02 11:42:38 --> 404 Page Not Found: assets/js/bootstrap/popper.min.js.map
ERROR - 2018-10-02 11:42:51 --> 404 Page Not Found: assets/css/bootstrap/bootstrap.min.css.map
ERROR - 2018-10-02 11:42:51 --> 404 Page Not Found: assets/js/bootstrap/bootstrap.min.js.map
ERROR - 2018-10-02 11:42:51 --> 404 Page Not Found: assets/js/bootstrap/popper.min.js.map
ERROR - 2018-10-02 11:44:26 --> 404 Page Not Found: assets/js/bootstrap/popper.min.js.map
ERROR - 2018-10-02 11:44:26 --> 404 Page Not Found: assets/css/bootstrap/bootstrap.min.css.map
ERROR - 2018-10-02 11:44:26 --> 404 Page Not Found: assets/js/bootstrap/bootstrap.min.js.map
ERROR - 2018-10-02 11:44:54 --> 404 Page Not Found: assets/js/bootstrap/popper.min.js.map
ERROR - 2018-10-02 11:44:54 --> 404 Page Not Found: assets/js/bootstrap/bootstrap.min.js.map
ERROR - 2018-10-02 11:44:54 --> 404 Page Not Found: assets/css/bootstrap/bootstrap.min.css.map
ERROR - 2018-10-02 11:45:37 --> 404 Page Not Found: assets/js/bootstrap/popper.min.js.map
ERROR - 2018-10-02 11:45:37 --> 404 Page Not Found: assets/js/bootstrap/bootstrap.min.js.map
ERROR - 2018-10-02 11:45:37 --> 404 Page Not Found: assets/css/bootstrap/bootstrap.min.css.map
ERROR - 2018-10-02 11:46:18 --> 404 Page Not Found: assets/css/bootstrap/bootstrap.min.css.map
ERROR - 2018-10-02 11:46:18 --> 404 Page Not Found: assets/js/bootstrap/bootstrap.min.js.map
ERROR - 2018-10-02 11:46:18 --> 404 Page Not Found: assets/js/bootstrap/popper.min.js.map
ERROR - 2018-10-02 12:24:17 --> 404 Page Not Found: assets/js/bootstrap/bootstrap.min.js.map
ERROR - 2018-10-02 12:24:17 --> 404 Page Not Found: assets/js/bootstrap/popper.min.js.map
ERROR - 2018-10-02 12:24:18 --> 404 Page Not Found: assets/css/bootstrap/bootstrap.min.css.map
ERROR - 2018-10-02 12:24:34 --> 404 Page Not Found: assets/css/bootstrap/bootstrap.min.css.map
ERROR - 2018-10-02 12:24:34 --> 404 Page Not Found: assets/js/bootstrap/popper.min.js.map
ERROR - 2018-10-02 12:24:34 --> 404 Page Not Found: assets/js/bootstrap/bootstrap.min.js.map
ERROR - 2018-10-02 12:26:07 --> 404 Page Not Found: assets/css/bootstrap/bootstrap.min.css.map
ERROR - 2018-10-02 12:26:07 --> 404 Page Not Found: assets/js/bootstrap/popper.min.js.map
ERROR - 2018-10-02 12:26:07 --> 404 Page Not Found: assets/js/bootstrap/bootstrap.min.js.map
ERROR - 2018-10-02 12:27:03 --> 404 Page Not Found: assets/css/bootstrap/bootstrap.min.css.map
ERROR - 2018-10-02 12:27:03 --> 404 Page Not Found: assets/js/bootstrap/popper.min.js.map
ERROR - 2018-10-02 12:27:03 --> 404 Page Not Found: assets/js/bootstrap/bootstrap.min.js.map
ERROR - 2018-10-02 12:28:50 --> 404 Page Not Found: assets/css/bootstrap/bootstrap.min.css.map
ERROR - 2018-10-02 12:28:50 --> 404 Page Not Found: assets/js/bootstrap/popper.min.js.map
ERROR - 2018-10-02 12:28:50 --> 404 Page Not Found: assets/js/bootstrap/bootstrap.min.js.map
ERROR - 2018-10-02 12:33:52 --> 404 Page Not Found: assets/css/bootstrap/bootstrap.min.css.map
ERROR - 2018-10-02 12:33:52 --> 404 Page Not Found: assets/js/bootstrap/bootstrap.min.js.map
ERROR - 2018-10-02 12:33:52 --> 404 Page Not Found: assets/js/bootstrap/popper.min.js.map
ERROR - 2018-10-02 12:35:04 --> 404 Page Not Found: assets/css/bootstrap/bootstrap.min.css.map
ERROR - 2018-10-02 12:35:04 --> 404 Page Not Found: assets/js/bootstrap/popper.min.js.map
ERROR - 2018-10-02 12:35:04 --> 404 Page Not Found: assets/js/bootstrap/bootstrap.min.js.map
ERROR - 2018-10-02 12:35:38 --> 404 Page Not Found: assets/css/bootstrap/bootstrap.min.css.map
ERROR - 2018-10-02 12:35:38 --> 404 Page Not Found: assets/js/bootstrap/bootstrap.min.js.map
ERROR - 2018-10-02 12:35:38 --> 404 Page Not Found: assets/js/bootstrap/popper.min.js.map
ERROR - 2018-10-02 12:38:13 --> 404 Page Not Found: assets/css/bootstrap/bootstrap.min.css.map
ERROR - 2018-10-02 12:38:13 --> 404 Page Not Found: assets/js/bootstrap/bootstrap.min.js.map
ERROR - 2018-10-02 12:38:13 --> 404 Page Not Found: assets/js/bootstrap/popper.min.js.map
ERROR - 2018-10-02 12:39:41 --> 404 Page Not Found: assets/css/bootstrap/bootstrap.min.css.map
ERROR - 2018-10-02 12:39:41 --> 404 Page Not Found: assets/js/bootstrap/popper.min.js.map
ERROR - 2018-10-02 12:39:41 --> 404 Page Not Found: assets/js/bootstrap/bootstrap.min.js.map
ERROR - 2018-10-02 12:40:05 --> 404 Page Not Found: assets/css/bootstrap/bootstrap.min.css.map
ERROR - 2018-10-02 12:40:05 --> 404 Page Not Found: assets/js/bootstrap/popper.min.js.map
ERROR - 2018-10-02 12:40:05 --> 404 Page Not Found: assets/js/bootstrap/bootstrap.min.js.map
ERROR - 2018-10-02 12:40:44 --> 404 Page Not Found: assets/css/bootstrap/bootstrap.min.css.map
ERROR - 2018-10-02 12:40:44 --> 404 Page Not Found: assets/js/bootstrap/popper.min.js.map
ERROR - 2018-10-02 12:40:44 --> 404 Page Not Found: assets/js/bootstrap/bootstrap.min.js.map
ERROR - 2018-10-02 12:41:08 --> 404 Page Not Found: assets/css/bootstrap/bootstrap.min.css.map
ERROR - 2018-10-02 12:41:08 --> 404 Page Not Found: assets/js/bootstrap/popper.min.js.map
ERROR - 2018-10-02 12:41:08 --> 404 Page Not Found: assets/js/bootstrap/bootstrap.min.js.map
ERROR - 2018-10-02 12:41:41 --> 404 Page Not Found: assets/css/bootstrap/bootstrap.min.css.map
ERROR - 2018-10-02 12:41:41 --> 404 Page Not Found: assets/js/bootstrap/popper.min.js.map
ERROR - 2018-10-02 12:41:41 --> 404 Page Not Found: assets/js/bootstrap/bootstrap.min.js.map
ERROR - 2018-10-02 12:42:08 --> 404 Page Not Found: assets/css/bootstrap/bootstrap.min.css.map
ERROR - 2018-10-02 12:42:08 --> 404 Page Not Found: assets/js/bootstrap/bootstrap.min.js.map
ERROR - 2018-10-02 12:42:08 --> 404 Page Not Found: assets/js/bootstrap/popper.min.js.map
ERROR - 2018-10-02 12:42:16 --> 404 Page Not Found: assets/css/bootstrap/bootstrap.min.css.map
ERROR - 2018-10-02 12:42:16 --> 404 Page Not Found: assets/js/bootstrap/popper.min.js.map
ERROR - 2018-10-02 12:42:16 --> 404 Page Not Found: assets/js/bootstrap/bootstrap.min.js.map
ERROR - 2018-10-02 12:42:52 --> 404 Page Not Found: assets/js/bootstrap/popper.min.js.map
ERROR - 2018-10-02 12:42:52 --> 404 Page Not Found: assets/js/bootstrap/bootstrap.min.js.map
ERROR - 2018-10-02 12:42:52 --> 404 Page Not Found: assets/css/bootstrap/bootstrap.min.css.map
ERROR - 2018-10-02 12:43:16 --> 404 Page Not Found: assets/css/bootstrap/bootstrap.min.css.map
ERROR - 2018-10-02 12:43:16 --> 404 Page Not Found: assets/js/bootstrap/popper.min.js.map
ERROR - 2018-10-02 12:43:16 --> 404 Page Not Found: assets/js/bootstrap/bootstrap.min.js.map
ERROR - 2018-10-02 12:46:41 --> 404 Page Not Found: assets/css/bootstrap/bootstrap.min.css.map
ERROR - 2018-10-02 12:46:41 --> 404 Page Not Found: assets/js/bootstrap/popper.min.js.map
ERROR - 2018-10-02 12:46:41 --> 404 Page Not Found: assets/js/bootstrap/bootstrap.min.js.map
ERROR - 2018-10-02 12:46:52 --> 404 Page Not Found: assets/css/bootstrap/bootstrap.min.css.map
ERROR - 2018-10-02 12:46:52 --> 404 Page Not Found: assets/js/bootstrap/popper.min.js.map
ERROR - 2018-10-02 12:46:52 --> 404 Page Not Found: assets/js/bootstrap/bootstrap.min.js.map
ERROR - 2018-10-02 12:47:02 --> 404 Page Not Found: assets/css/bootstrap/bootstrap.min.css.map
ERROR - 2018-10-02 12:47:02 --> 404 Page Not Found: assets/js/bootstrap/popper.min.js.map
ERROR - 2018-10-02 12:47:02 --> 404 Page Not Found: assets/js/bootstrap/bootstrap.min.js.map
ERROR - 2018-10-02 12:47:11 --> 404 Page Not Found: assets/css/bootstrap/bootstrap.min.css.map
ERROR - 2018-10-02 12:47:11 --> 404 Page Not Found: assets/js/bootstrap/popper.min.js.map
ERROR - 2018-10-02 12:47:11 --> 404 Page Not Found: assets/js/bootstrap/bootstrap.min.js.map
ERROR - 2018-10-02 12:48:16 --> 404 Page Not Found: assets/css/bootstrap/bootstrap.min.css.map
ERROR - 2018-10-02 12:48:16 --> 404 Page Not Found: assets/js/bootstrap/popper.min.js.map
ERROR - 2018-10-02 12:48:16 --> 404 Page Not Found: assets/js/bootstrap/bootstrap.min.js.map
ERROR - 2018-10-02 12:48:36 --> 404 Page Not Found: assets/css/bootstrap/bootstrap.min.css.map
ERROR - 2018-10-02 12:48:36 --> 404 Page Not Found: assets/js/bootstrap/bootstrap.min.js.map
ERROR - 2018-10-02 12:48:36 --> 404 Page Not Found: assets/js/bootstrap/popper.min.js.map
ERROR - 2018-10-02 12:49:03 --> 404 Page Not Found: assets/css/bootstrap/bootstrap.min.css.map
ERROR - 2018-10-02 12:49:03 --> 404 Page Not Found: assets/js/bootstrap/popper.min.js.map
ERROR - 2018-10-02 12:49:03 --> 404 Page Not Found: assets/js/bootstrap/bootstrap.min.js.map
ERROR - 2018-10-02 12:50:12 --> 404 Page Not Found: assets/css/bootstrap/bootstrap.min.css.map
ERROR - 2018-10-02 12:50:12 --> 404 Page Not Found: assets/js/bootstrap/popper.min.js.map
ERROR - 2018-10-02 12:50:12 --> 404 Page Not Found: assets/js/bootstrap/bootstrap.min.js.map
ERROR - 2018-10-02 12:50:26 --> 404 Page Not Found: assets/css/bootstrap/bootstrap.min.css.map
ERROR - 2018-10-02 12:50:26 --> 404 Page Not Found: assets/js/bootstrap/popper.min.js.map
ERROR - 2018-10-02 12:50:26 --> 404 Page Not Found: assets/js/bootstrap/bootstrap.min.js.map
ERROR - 2018-10-02 12:58:49 --> 404 Page Not Found: assets/css/bootstrap/bootstrap.min.css.map
ERROR - 2018-10-02 12:58:49 --> 404 Page Not Found: assets/js/bootstrap/popper.min.js.map
ERROR - 2018-10-02 12:58:49 --> 404 Page Not Found: assets/js/bootstrap/bootstrap.min.js.map
ERROR - 2018-10-02 12:59:00 --> 404 Page Not Found: assets/css/bootstrap/bootstrap.min.css.map
ERROR - 2018-10-02 12:59:00 --> 404 Page Not Found: assets/js/bootstrap/bootstrap.min.js.map
ERROR - 2018-10-02 12:59:00 --> 404 Page Not Found: assets/js/bootstrap/popper.min.js.map
ERROR - 2018-10-02 13:00:56 --> 404 Page Not Found: assets/css/bootstrap/bootstrap.min.css.map
ERROR - 2018-10-02 13:00:56 --> 404 Page Not Found: assets/js/bootstrap/bootstrap.min.js.map
ERROR - 2018-10-02 13:00:56 --> 404 Page Not Found: assets/js/bootstrap/popper.min.js.map
ERROR - 2018-10-02 13:02:48 --> 404 Page Not Found: assets/css/bootstrap/bootstrap.min.css.map
ERROR - 2018-10-02 13:02:48 --> 404 Page Not Found: assets/js/bootstrap/popper.min.js.map
ERROR - 2018-10-02 13:02:48 --> 404 Page Not Found: assets/js/bootstrap/bootstrap.min.js.map
ERROR - 2018-10-02 13:04:26 --> 404 Page Not Found: assets/css/bootstrap/bootstrap.min.css.map
ERROR - 2018-10-02 13:04:26 --> 404 Page Not Found: assets/js/bootstrap/bootstrap.min.js.map
ERROR - 2018-10-02 13:04:26 --> 404 Page Not Found: assets/js/bootstrap/popper.min.js.map
ERROR - 2018-10-02 13:04:49 --> 404 Page Not Found: assets/css/bootstrap/bootstrap.min.css.map
ERROR - 2018-10-02 13:04:49 --> 404 Page Not Found: assets/js/bootstrap/popper.min.js.map
ERROR - 2018-10-02 13:04:49 --> 404 Page Not Found: assets/js/bootstrap/bootstrap.min.js.map
ERROR - 2018-10-02 13:05:16 --> 404 Page Not Found: assets/css/bootstrap/bootstrap.min.css.map
ERROR - 2018-10-02 13:05:16 --> 404 Page Not Found: assets/js/bootstrap/popper.min.js.map
ERROR - 2018-10-02 13:05:16 --> 404 Page Not Found: assets/js/bootstrap/bootstrap.min.js.map
ERROR - 2018-10-02 13:06:10 --> 404 Page Not Found: assets/css/bootstrap/bootstrap.min.css.map
ERROR - 2018-10-02 13:06:10 --> 404 Page Not Found: assets/js/bootstrap/popper.min.js.map
ERROR - 2018-10-02 13:06:10 --> 404 Page Not Found: assets/js/bootstrap/bootstrap.min.js.map
ERROR - 2018-10-02 13:06:46 --> 404 Page Not Found: assets/css/bootstrap/bootstrap.min.css.map
ERROR - 2018-10-02 13:06:46 --> 404 Page Not Found: assets/js/bootstrap/popper.min.js.map
ERROR - 2018-10-02 13:06:46 --> 404 Page Not Found: assets/js/bootstrap/bootstrap.min.js.map
ERROR - 2018-10-02 13:07:52 --> 404 Page Not Found: assets/css/bootstrap/bootstrap.min.css.map
ERROR - 2018-10-02 13:07:52 --> 404 Page Not Found: assets/js/bootstrap/popper.min.js.map
ERROR - 2018-10-02 13:07:52 --> 404 Page Not Found: assets/js/bootstrap/bootstrap.min.js.map
ERROR - 2018-10-02 13:09:18 --> 404 Page Not Found: assets/css/bootstrap/bootstrap.min.css.map
ERROR - 2018-10-02 13:09:18 --> 404 Page Not Found: assets/js/bootstrap/bootstrap.min.js.map
ERROR - 2018-10-02 13:09:18 --> 404 Page Not Found: assets/js/bootstrap/popper.min.js.map
ERROR - 2018-10-02 13:09:38 --> 404 Page Not Found: assets/css/bootstrap/bootstrap.min.css.map
ERROR - 2018-10-02 13:09:38 --> 404 Page Not Found: assets/js/bootstrap/bootstrap.min.js.map
ERROR - 2018-10-02 13:09:38 --> 404 Page Not Found: assets/js/bootstrap/popper.min.js.map
ERROR - 2018-10-02 13:10:21 --> 404 Page Not Found: assets/css/bootstrap/bootstrap.min.css.map
ERROR - 2018-10-02 13:10:21 --> 404 Page Not Found: assets/js/bootstrap/bootstrap.min.js.map
ERROR - 2018-10-02 13:10:21 --> 404 Page Not Found: assets/js/bootstrap/popper.min.js.map
ERROR - 2018-10-02 13:11:02 --> 404 Page Not Found: assets/css/bootstrap/bootstrap.min.css.map
ERROR - 2018-10-02 13:11:02 --> 404 Page Not Found: assets/js/bootstrap/popper.min.js.map
ERROR - 2018-10-02 13:11:02 --> 404 Page Not Found: assets/js/bootstrap/bootstrap.min.js.map
ERROR - 2018-10-02 13:13:59 --> 404 Page Not Found: assets/css/bootstrap/bootstrap.min.css.map
ERROR - 2018-10-02 13:13:59 --> 404 Page Not Found: assets/js/bootstrap/popper.min.js.map
ERROR - 2018-10-02 13:13:59 --> 404 Page Not Found: assets/js/bootstrap/bootstrap.min.js.map
ERROR - 2018-10-02 13:15:06 --> 404 Page Not Found: assets/css/bootstrap/bootstrap.min.css.map
ERROR - 2018-10-02 13:15:06 --> 404 Page Not Found: assets/js/bootstrap/popper.min.js.map
ERROR - 2018-10-02 13:15:06 --> 404 Page Not Found: assets/js/bootstrap/bootstrap.min.js.map
ERROR - 2018-10-02 13:15:39 --> 404 Page Not Found: assets/css/bootstrap/bootstrap.min.css.map
ERROR - 2018-10-02 13:15:39 --> 404 Page Not Found: assets/js/bootstrap/popper.min.js.map
ERROR - 2018-10-02 13:15:39 --> 404 Page Not Found: assets/js/bootstrap/bootstrap.min.js.map
ERROR - 2018-10-02 13:16:54 --> 404 Page Not Found: assets/css/bootstrap/bootstrap.min.css.map
ERROR - 2018-10-02 13:16:54 --> 404 Page Not Found: assets/js/bootstrap/popper.min.js.map
ERROR - 2018-10-02 13:16:54 --> 404 Page Not Found: assets/js/bootstrap/bootstrap.min.js.map
ERROR - 2018-10-02 13:18:45 --> 404 Page Not Found: assets/css/bootstrap/bootstrap.min.css.map
ERROR - 2018-10-02 13:18:45 --> 404 Page Not Found: assets/js/bootstrap/popper.min.js.map
ERROR - 2018-10-02 13:18:45 --> 404 Page Not Found: assets/js/bootstrap/bootstrap.min.js.map
ERROR - 2018-10-02 13:19:28 --> 404 Page Not Found: assets/css/bootstrap/bootstrap.min.css.map
ERROR - 2018-10-02 13:19:28 --> 404 Page Not Found: assets/js/bootstrap/bootstrap.min.js.map
ERROR - 2018-10-02 13:19:28 --> 404 Page Not Found: assets/js/bootstrap/popper.min.js.map
ERROR - 2018-10-02 13:22:10 --> 404 Page Not Found: assets/css/bootstrap/bootstrap.min.css.map
ERROR - 2018-10-02 13:22:10 --> 404 Page Not Found: assets/js/bootstrap/bootstrap.min.js.map
ERROR - 2018-10-02 13:22:10 --> 404 Page Not Found: assets/js/bootstrap/popper.min.js.map
ERROR - 2018-10-02 13:22:55 --> 404 Page Not Found: assets/css/bootstrap/bootstrap.min.css.map
ERROR - 2018-10-02 13:22:55 --> 404 Page Not Found: assets/js/bootstrap/popper.min.js.map
ERROR - 2018-10-02 13:22:55 --> 404 Page Not Found: assets/js/bootstrap/bootstrap.min.js.map
ERROR - 2018-10-02 13:24:31 --> 404 Page Not Found: assets/css/bootstrap/bootstrap.min.css.map
ERROR - 2018-10-02 13:24:31 --> 404 Page Not Found: assets/js/bootstrap/popper.min.js.map
ERROR - 2018-10-02 13:24:31 --> 404 Page Not Found: assets/js/bootstrap/bootstrap.min.js.map
ERROR - 2018-10-02 13:26:01 --> 404 Page Not Found: assets/css/bootstrap/bootstrap.min.css.map
ERROR - 2018-10-02 13:26:01 --> 404 Page Not Found: assets/js/bootstrap/popper.min.js.map
ERROR - 2018-10-02 13:26:01 --> 404 Page Not Found: assets/js/bootstrap/bootstrap.min.js.map
ERROR - 2018-10-02 13:26:43 --> 404 Page Not Found: assets/css/bootstrap/bootstrap.min.css.map
ERROR - 2018-10-02 13:26:43 --> 404 Page Not Found: assets/js/bootstrap/bootstrap.min.js.map
ERROR - 2018-10-02 13:26:43 --> 404 Page Not Found: assets/js/bootstrap/popper.min.js.map
ERROR - 2018-10-02 13:28:16 --> 404 Page Not Found: assets/css/bootstrap/bootstrap.min.css.map
ERROR - 2018-10-02 13:28:16 --> 404 Page Not Found: assets/js/bootstrap/popper.min.js.map
ERROR - 2018-10-02 13:28:16 --> 404 Page Not Found: assets/js/bootstrap/bootstrap.min.js.map
ERROR - 2018-10-02 13:28:36 --> 404 Page Not Found: assets/css/bootstrap/bootstrap.min.css.map
ERROR - 2018-10-02 13:28:36 --> 404 Page Not Found: assets/js/bootstrap/popper.min.js.map
ERROR - 2018-10-02 13:28:36 --> 404 Page Not Found: assets/js/bootstrap/bootstrap.min.js.map
ERROR - 2018-10-02 13:29:25 --> 404 Page Not Found: assets/css/bootstrap/bootstrap.min.css.map
ERROR - 2018-10-02 13:29:25 --> 404 Page Not Found: assets/js/bootstrap/popper.min.js.map
ERROR - 2018-10-02 13:29:25 --> 404 Page Not Found: assets/js/bootstrap/bootstrap.min.js.map
ERROR - 2018-10-02 13:30:13 --> 404 Page Not Found: assets/css/bootstrap/bootstrap.min.css.map
ERROR - 2018-10-02 13:30:13 --> 404 Page Not Found: assets/js/bootstrap/popper.min.js.map
ERROR - 2018-10-02 13:30:13 --> 404 Page Not Found: assets/js/bootstrap/bootstrap.min.js.map
ERROR - 2018-10-02 13:58:17 --> 404 Page Not Found: assets/css/bootstrap/bootstrap.min.css.map
ERROR - 2018-10-02 13:58:17 --> 404 Page Not Found: assets/js/bootstrap/popper.min.js.map
ERROR - 2018-10-02 13:58:17 --> 404 Page Not Found: assets/js/bootstrap/bootstrap.min.js.map
ERROR - 2018-10-02 13:59:26 --> 404 Page Not Found: assets/css/bootstrap/bootstrap.min.css.map
ERROR - 2018-10-02 13:59:26 --> 404 Page Not Found: assets/js/bootstrap/popper.min.js.map
ERROR - 2018-10-02 13:59:26 --> 404 Page Not Found: assets/js/bootstrap/bootstrap.min.js.map
ERROR - 2018-10-02 14:00:08 --> 404 Page Not Found: assets/css/bootstrap/bootstrap.min.css.map
ERROR - 2018-10-02 14:00:08 --> 404 Page Not Found: assets/js/bootstrap/bootstrap.min.js.map
ERROR - 2018-10-02 14:00:08 --> 404 Page Not Found: assets/js/bootstrap/popper.min.js.map
ERROR - 2018-10-02 14:01:32 --> 404 Page Not Found: assets/css/bootstrap/bootstrap.min.css.map
ERROR - 2018-10-02 14:01:32 --> 404 Page Not Found: assets/js/bootstrap/popper.min.js.map
ERROR - 2018-10-02 14:01:32 --> 404 Page Not Found: assets/js/bootstrap/bootstrap.min.js.map
ERROR - 2018-10-02 14:03:20 --> 404 Page Not Found: assets/css/bootstrap/bootstrap.min.css.map
ERROR - 2018-10-02 14:03:20 --> 404 Page Not Found: assets/js/bootstrap/popper.min.js.map
ERROR - 2018-10-02 14:03:20 --> 404 Page Not Found: assets/js/bootstrap/bootstrap.min.js.map
ERROR - 2018-10-02 14:04:31 --> 404 Page Not Found: assets/css/bootstrap/bootstrap.min.css.map
ERROR - 2018-10-02 14:04:31 --> 404 Page Not Found: assets/js/bootstrap/popper.min.js.map
ERROR - 2018-10-02 14:04:31 --> 404 Page Not Found: assets/js/bootstrap/bootstrap.min.js.map
ERROR - 2018-10-02 14:06:46 --> 404 Page Not Found: assets/css/bootstrap/bootstrap.min.css.map
ERROR - 2018-10-02 14:06:46 --> 404 Page Not Found: assets/js/bootstrap/bootstrap.min.js.map
ERROR - 2018-10-02 14:06:46 --> 404 Page Not Found: assets/js/bootstrap/popper.min.js.map
ERROR - 2018-10-02 14:10:16 --> 404 Page Not Found: assets/css/bootstrap/bootstrap.min.css.map
ERROR - 2018-10-02 14:10:16 --> 404 Page Not Found: assets/js/bootstrap/popper.min.js.map
ERROR - 2018-10-02 14:10:16 --> 404 Page Not Found: assets/js/bootstrap/bootstrap.min.js.map
ERROR - 2018-10-02 14:17:27 --> 404 Page Not Found: assets/css/bootstrap/bootstrap.min.css.map
ERROR - 2018-10-02 14:17:27 --> 404 Page Not Found: assets/js/bootstrap/popper.min.js.map
ERROR - 2018-10-02 14:17:27 --> 404 Page Not Found: assets/js/bootstrap/bootstrap.min.js.map
ERROR - 2018-10-02 14:17:33 --> 404 Page Not Found: assets/css/bootstrap/bootstrap.min.css.map
ERROR - 2018-10-02 14:17:33 --> 404 Page Not Found: assets/js/bootstrap/popper.min.js.map
ERROR - 2018-10-02 14:17:33 --> 404 Page Not Found: assets/js/bootstrap/bootstrap.min.js.map
ERROR - 2018-10-02 14:17:37 --> 404 Page Not Found: signin
ERROR - 2018-10-02 14:17:40 --> 404 Page Not Found: signin
ERROR - 2018-10-02 14:18:49 --> 404 Page Not Found: signin
ERROR - 2018-10-02 14:20:49 --> 404 Page Not Found: signin
ERROR - 2018-10-02 14:20:50 --> 404 Page Not Found: signin
ERROR - 2018-10-02 14:20:51 --> 404 Page Not Found: signin
ERROR - 2018-10-02 14:20:51 --> 404 Page Not Found: signin
ERROR - 2018-10-02 14:20:53 --> 404 Page Not Found: signin
ERROR - 2018-10-02 14:20:57 --> 404 Page Not Found: signin
ERROR - 2018-10-02 14:21:14 --> 404 Page Not Found: signin
ERROR - 2018-10-02 14:21:15 --> 404 Page Not Found: signin
ERROR - 2018-10-02 14:23:18 --> 404 Page Not Found: signin
ERROR - 2018-10-02 14:23:20 --> 404 Page Not Found: signin
ERROR - 2018-10-02 14:25:46 --> 404 Page Not Found: signin
ERROR - 2018-10-02 14:25:48 --> 404 Page Not Found: signin
ERROR - 2018-10-02 14:25:48 --> 404 Page Not Found: signin
ERROR - 2018-10-02 14:26:17 --> 404 Page Not Found: assets/css/bootstrap/bootstrap.min.css.map
ERROR - 2018-10-02 14:26:17 --> 404 Page Not Found: assets/js/bootstrap/popper.min.js.map
ERROR - 2018-10-02 14:26:17 --> 404 Page Not Found: assets/js/bootstrap/bootstrap.min.js.map
ERROR - 2018-10-02 14:26:22 --> 404 Page Not Found: signin
ERROR - 2018-10-02 14:30:57 --> 404 Page Not Found: assets/css/bootstrap/bootstrap.min.css.map
ERROR - 2018-10-02 14:30:57 --> 404 Page Not Found: assets/js/bootstrap/popper.min.js.map
ERROR - 2018-10-02 14:30:57 --> 404 Page Not Found: assets/js/bootstrap/bootstrap.min.js.map
ERROR - 2018-10-02 14:31:50 --> 404 Page Not Found: signin
ERROR - 2018-10-02 14:33:33 --> Severity: Warning --> Cannot modify header information - headers already sent by (output started at D:\OSPanel\domains\localhost\NestGarage2\application\config\routes.php:102) D:\OSPanel\domains\localhost\NestGarage2\system\core\Common.php 570
ERROR - 2018-10-02 14:33:33 --> Severity: Parsing Error --> syntax error, unexpected ''Main/signin;' (T_ENCAPSED_AND_WHITESPACE) D:\OSPanel\domains\localhost\NestGarage2\application\config\routes.php 102
ERROR - 2018-10-02 14:44:13 --> 404 Page Not Found: assets/js/bootstrap/popper.min.js.map
ERROR - 2018-10-02 14:44:13 --> 404 Page Not Found: assets/js/bootstrap/bootstrap.min.js.map
ERROR - 2018-10-02 14:44:14 --> 404 Page Not Found: assets/css/bootstrap/bootstrap.min.css.map
ERROR - 2018-10-02 14:44:37 --> 404 Page Not Found: assets/css/bootstrap/bootstrap.min.css.map
ERROR - 2018-10-02 14:44:38 --> 404 Page Not Found: assets/js/bootstrap/popper.min.js.map
ERROR - 2018-10-02 14:44:38 --> 404 Page Not Found: assets/js/bootstrap/bootstrap.min.js.map
ERROR - 2018-10-02 14:45:15 --> 404 Page Not Found: assets/css/bootstrap/bootstrap.min.css.map
ERROR - 2018-10-02 14:45:15 --> 404 Page Not Found: assets/js/bootstrap/popper.min.js.map
ERROR - 2018-10-02 14:45:15 --> 404 Page Not Found: assets/js/bootstrap/bootstrap.min.js.map
ERROR - 2018-10-02 14:45:59 --> 404 Page Not Found: assets/css/bootstrap/bootstrap.min.css.map
ERROR - 2018-10-02 14:45:59 --> 404 Page Not Found: assets/js/bootstrap/popper.min.js.map
ERROR - 2018-10-02 14:45:59 --> 404 Page Not Found: assets/js/bootstrap/bootstrap.min.js.map
ERROR - 2018-10-02 15:08:15 --> 404 Page Not Found: assets/css/bootstrap/bootstrap.min.css.map
ERROR - 2018-10-02 15:08:15 --> 404 Page Not Found: assets/js/bootstrap/popper.min.js.map
ERROR - 2018-10-02 15:08:15 --> 404 Page Not Found: assets/js/bootstrap/bootstrap.min.js.map
ERROR - 2018-10-02 15:08:57 --> 404 Page Not Found: assets/css/bootstrap/bootstrap.min.css.map
ERROR - 2018-10-02 15:08:57 --> 404 Page Not Found: assets/js/bootstrap/popper.min.js.map
ERROR - 2018-10-02 15:08:57 --> 404 Page Not Found: assets/js/bootstrap/bootstrap.min.js.map
ERROR - 2018-10-02 15:10:24 --> 404 Page Not Found: assets/css/bootstrap/bootstrap.min.css.map
ERROR - 2018-10-02 15:10:24 --> 404 Page Not Found: assets/js/bootstrap/bootstrap.min.js.map
ERROR - 2018-10-02 15:10:24 --> 404 Page Not Found: assets/js/bootstrap/popper.min.js.map
ERROR - 2018-10-02 15:10:43 --> 404 Page Not Found: assets/js/bootstrap/popper.min.js.map
ERROR - 2018-10-02 15:10:43 --> 404 Page Not Found: assets/js/bootstrap/bootstrap.min.js.map
ERROR - 2018-10-02 15:10:43 --> 404 Page Not Found: assets/css/bootstrap/bootstrap.min.css.map
ERROR - 2018-10-02 15:45:10 --> 404 Page Not Found: assets/js/bootstrap/popper.min.js.map
ERROR - 2018-10-02 15:45:10 --> 404 Page Not Found: assets/js/bootstrap/bootstrap.min.js.map
ERROR - 2018-10-02 15:45:10 --> 404 Page Not Found: assets/css/bootstrap/bootstrap.min.css.map
ERROR - 2018-10-02 16:17:14 --> 404 Page Not Found: assets/js/bootstrap/popper.min.js.map
ERROR - 2018-10-02 16:17:14 --> 404 Page Not Found: assets/js/bootstrap/bootstrap.min.js.map
ERROR - 2018-10-02 16:17:14 --> 404 Page Not Found: assets/css/bootstrap/bootstrap.min.css.map
ERROR - 2018-10-02 16:18:31 --> 404 Page Not Found: assets/css/bootstrap/bootstrap.min.css.map
ERROR - 2018-10-02 16:18:31 --> 404 Page Not Found: assets/js/bootstrap/popper.min.js.map
ERROR - 2018-10-02 16:18:31 --> 404 Page Not Found: assets/js/bootstrap/bootstrap.min.js.map
ERROR - 2018-10-02 16:19:41 --> 404 Page Not Found: assets/css/bootstrap/bootstrap.min.css.map
ERROR - 2018-10-02 16:19:41 --> 404 Page Not Found: assets/js/bootstrap/popper.min.js.map
ERROR - 2018-10-02 16:19:41 --> 404 Page Not Found: assets/js/bootstrap/bootstrap.min.js.map
ERROR - 2018-10-02 16:19:55 --> 404 Page Not Found: assets/css/bootstrap/bootstrap.min.css.map
ERROR - 2018-10-02 16:19:55 --> 404 Page Not Found: assets/js/bootstrap/bootstrap.min.js.map
ERROR - 2018-10-02 16:19:55 --> 404 Page Not Found: assets/js/bootstrap/popper.min.js.map
ERROR - 2018-10-02 16:20:42 --> 404 Page Not Found: assets/css/bootstrap/bootstrap.min.css.map
ERROR - 2018-10-02 16:20:42 --> 404 Page Not Found: assets/js/bootstrap/popper.min.js.map
ERROR - 2018-10-02 16:20:42 --> 404 Page Not Found: assets/js/bootstrap/bootstrap.min.js.map
ERROR - 2018-10-02 16:22:53 --> 404 Page Not Found: assets/js/bootstrap/popper.min.js.map
ERROR - 2018-10-02 16:22:53 --> 404 Page Not Found: assets/js/bootstrap/bootstrap.min.js.map
ERROR - 2018-10-02 16:22:53 --> 404 Page Not Found: assets/css/bootstrap/bootstrap.min.css.map
ERROR - 2018-10-02 16:23:17 --> 404 Page Not Found: assets/css/bootstrap/bootstrap.min.css.map
ERROR - 2018-10-02 16:23:17 --> 404 Page Not Found: assets/js/bootstrap/popper.min.js.map
ERROR - 2018-10-02 16:23:17 --> 404 Page Not Found: assets/js/bootstrap/bootstrap.min.js.map
ERROR - 2018-10-02 16:28:31 --> 404 Page Not Found: assets/js/bootstrap/popper.min.js.map
ERROR - 2018-10-02 16:28:31 --> 404 Page Not Found: assets/js/bootstrap/bootstrap.min.js.map
ERROR - 2018-10-02 16:28:31 --> 404 Page Not Found: assets/css/bootstrap/bootstrap.min.css.map
ERROR - 2018-10-02 16:30:11 --> 404 Page Not Found: assets/js/bootstrap/popper.min.js.map
ERROR - 2018-10-02 16:30:11 --> 404 Page Not Found: assets/css/bootstrap/bootstrap.min.css.map
ERROR - 2018-10-02 16:30:11 --> 404 Page Not Found: assets/js/bootstrap/bootstrap.min.js.map
ERROR - 2018-10-02 16:32:07 --> 404 Page Not Found: assets/css/bootstrap/bootstrap.min.css.map
ERROR - 2018-10-02 16:32:07 --> 404 Page Not Found: assets/js/bootstrap/popper.min.js.map
ERROR - 2018-10-02 16:32:07 --> 404 Page Not Found: assets/js/bootstrap/bootstrap.min.js.map
ERROR - 2018-10-02 16:32:42 --> 404 Page Not Found: assets/js/bootstrap/bootstrap.min.js.map
ERROR - 2018-10-02 16:32:42 --> 404 Page Not Found: assets/js/bootstrap/popper.min.js.map
ERROR - 2018-10-02 16:32:42 --> 404 Page Not Found: assets/css/bootstrap/bootstrap.min.css.map
ERROR - 2018-10-02 16:50:12 --> 404 Page Not Found: assets/js/bootstrap/popper.min.js.map
ERROR - 2018-10-02 16:50:12 --> 404 Page Not Found: assets/js/bootstrap/bootstrap.min.js.map
ERROR - 2018-10-02 16:50:12 --> 404 Page Not Found: assets/css/bootstrap/bootstrap.min.css.map
ERROR - 2018-10-02 16:51:10 --> 404 Page Not Found: assets/js/bootstrap/popper.min.js.map
ERROR - 2018-10-02 16:51:10 --> 404 Page Not Found: assets/js/bootstrap/bootstrap.min.js.map
ERROR - 2018-10-02 16:51:10 --> 404 Page Not Found: assets/css/bootstrap/bootstrap.min.css.map
ERROR - 2018-10-02 16:52:44 --> 404 Page Not Found: assets/css/bootstrap/bootstrap.min.css.map
ERROR - 2018-10-02 16:52:44 --> 404 Page Not Found: assets/js/bootstrap/popper.min.js.map
ERROR - 2018-10-02 16:52:44 --> 404 Page Not Found: assets/js/bootstrap/bootstrap.min.js.map
ERROR - 2018-10-02 16:55:00 --> 404 Page Not Found: assets/css/bootstrap/bootstrap.min.css.map
ERROR - 2018-10-02 16:55:00 --> 404 Page Not Found: assets/js/bootstrap/popper.min.js.map
ERROR - 2018-10-02 16:55:00 --> 404 Page Not Found: assets/js/bootstrap/bootstrap.min.js.map
ERROR - 2018-10-02 16:55:38 --> 404 Page Not Found: assets/css/bootstrap/bootstrap.min.css.map
ERROR - 2018-10-02 16:55:38 --> 404 Page Not Found: assets/js/bootstrap/popper.min.js.map
ERROR - 2018-10-02 16:55:38 --> 404 Page Not Found: assets/js/bootstrap/bootstrap.min.js.map
ERROR - 2018-10-02 16:56:08 --> 404 Page Not Found: assets/css/bootstrap/bootstrap.min.css.map
ERROR - 2018-10-02 16:56:08 --> 404 Page Not Found: assets/js/bootstrap/popper.min.js.map
ERROR - 2018-10-02 16:56:08 --> 404 Page Not Found: assets/js/bootstrap/bootstrap.min.js.map
ERROR - 2018-10-02 17:03:43 --> 404 Page Not Found: assets/css/bootstrap/bootstrap.min.css.map
ERROR - 2018-10-02 17:03:43 --> 404 Page Not Found: assets/js/bootstrap/popper.min.js.map
ERROR - 2018-10-02 17:03:43 --> 404 Page Not Found: assets/js/bootstrap/bootstrap.min.js.map
ERROR - 2018-10-02 17:05:46 --> 404 Page Not Found: assets/js/bootstrap/bootstrap.min.js.map
ERROR - 2018-10-02 17:05:46 --> 404 Page Not Found: assets/js/bootstrap/popper.min.js.map
ERROR - 2018-10-02 17:05:46 --> 404 Page Not Found: assets/css/bootstrap/bootstrap.min.css.map
ERROR - 2018-10-02 17:06:43 --> 404 Page Not Found: assets/css/bootstrap/bootstrap.min.css.map
ERROR - 2018-10-02 17:06:50 --> 404 Page Not Found: assets/js/bootstrap/popper.min.js.map
ERROR - 2018-10-02 17:06:50 --> 404 Page Not Found: assets/js/bootstrap/bootstrap.min.js.map
ERROR - 2018-10-02 17:07:30 --> 404 Page Not Found: assets/css/bootstrap/bootstrap.min.css.map
ERROR - 2018-10-02 17:07:30 --> 404 Page Not Found: assets/js/bootstrap/popper.min.js.map
ERROR - 2018-10-02 17:07:30 --> 404 Page Not Found: assets/js/bootstrap/bootstrap.min.js.map
ERROR - 2018-10-02 17:07:49 --> 404 Page Not Found: assets/css/bootstrap/bootstrap.min.css.map
ERROR - 2018-10-02 17:07:49 --> 404 Page Not Found: assets/js/bootstrap/popper.min.js.map
ERROR - 2018-10-02 17:07:49 --> 404 Page Not Found: assets/js/bootstrap/bootstrap.min.js.map
ERROR - 2018-10-02 17:08:29 --> 404 Page Not Found: assets/js/bootstrap/popper.min.js.map
ERROR - 2018-10-02 17:08:29 --> 404 Page Not Found: assets/js/bootstrap/bootstrap.min.js.map
ERROR - 2018-10-02 17:08:29 --> 404 Page Not Found: assets/css/bootstrap/bootstrap.min.css.map
ERROR - 2018-10-02 17:11:42 --> 404 Page Not Found: assets/css/bootstrap/bootstrap.min.css.map
ERROR - 2018-10-02 17:11:42 --> 404 Page Not Found: assets/js/bootstrap/bootstrap.min.js.map
ERROR - 2018-10-02 17:11:42 --> 404 Page Not Found: assets/js/bootstrap/popper.min.js.map
ERROR - 2018-10-02 17:17:57 --> 404 Page Not Found: assets/css/bootstrap/bootstrap.min.css.map
ERROR - 2018-10-02 17:17:57 --> 404 Page Not Found: assets/js/bootstrap/popper.min.js.map
ERROR - 2018-10-02 17:17:57 --> 404 Page Not Found: assets/js/bootstrap/bootstrap.min.js.map
ERROR - 2018-10-02 17:20:42 --> 404 Page Not Found: assets/css/bootstrap/bootstrap.min.css.map
ERROR - 2018-10-02 17:20:42 --> 404 Page Not Found: assets/js/bootstrap/bootstrap.min.js.map
ERROR - 2018-10-02 17:20:42 --> 404 Page Not Found: assets/js/bootstrap/popper.min.js.map
ERROR - 2018-10-02 17:23:20 --> 404 Page Not Found: assets/css/bootstrap/bootstrap.min.css.map
ERROR - 2018-10-02 17:23:20 --> 404 Page Not Found: assets/js/bootstrap/popper.min.js.map
ERROR - 2018-10-02 17:23:20 --> 404 Page Not Found: assets/js/bootstrap/bootstrap.min.js.map
ERROR - 2018-10-02 17:24:00 --> 404 Page Not Found: assets/css/bootstrap/bootstrap.min.css.map
ERROR - 2018-10-02 17:24:00 --> 404 Page Not Found: assets/js/bootstrap/popper.min.js.map
ERROR - 2018-10-02 17:24:00 --> 404 Page Not Found: assets/js/bootstrap/bootstrap.min.js.map
ERROR - 2018-10-02 17:24:46 --> 404 Page Not Found: assets/css/bootstrap/bootstrap.min.css.map
ERROR - 2018-10-02 17:24:46 --> 404 Page Not Found: assets/js/bootstrap/popper.min.js.map
ERROR - 2018-10-02 17:24:46 --> 404 Page Not Found: assets/js/bootstrap/bootstrap.min.js.map
ERROR - 2018-10-02 17:28:13 --> 404 Page Not Found: assets/css/bootstrap/bootstrap.min.css.map
ERROR - 2018-10-02 17:28:13 --> 404 Page Not Found: assets/js/bootstrap/bootstrap.min.js.map
ERROR - 2018-10-02 17:28:13 --> 404 Page Not Found: assets/js/bootstrap/popper.min.js.map
ERROR - 2018-10-02 17:28:50 --> 404 Page Not Found: assets/css/bootstrap/bootstrap.min.css.map
ERROR - 2018-10-02 17:28:50 --> 404 Page Not Found: assets/js/bootstrap/bootstrap.min.js.map
ERROR - 2018-10-02 17:28:50 --> 404 Page Not Found: assets/js/bootstrap/popper.min.js.map
ERROR - 2018-10-02 17:30:33 --> 404 Page Not Found: assets/css/bootstrap/bootstrap.min.css.map
ERROR - 2018-10-02 17:30:33 --> 404 Page Not Found: assets/js/bootstrap/popper.min.js.map
ERROR - 2018-10-02 17:30:33 --> 404 Page Not Found: assets/js/bootstrap/bootstrap.min.js.map
ERROR - 2018-10-02 17:35:20 --> 404 Page Not Found: assets/css/bootstrap/bootstrap.min.css.map
ERROR - 2018-10-02 17:35:20 --> 404 Page Not Found: assets/js/bootstrap/popper.min.js.map
ERROR - 2018-10-02 17:35:20 --> 404 Page Not Found: assets/js/bootstrap/bootstrap.min.js.map
ERROR - 2018-10-02 17:35:38 --> 404 Page Not Found: assets/css/bootstrap/bootstrap.min.css.map
ERROR - 2018-10-02 17:35:38 --> 404 Page Not Found: assets/js/bootstrap/popper.min.js.map
ERROR - 2018-10-02 17:35:38 --> 404 Page Not Found: assets/js/bootstrap/bootstrap.min.js.map
ERROR - 2018-10-02 17:41:21 --> 404 Page Not Found: assets/css/bootstrap/bootstrap.min.css.map
ERROR - 2018-10-02 17:41:21 --> 404 Page Not Found: assets/js/bootstrap/bootstrap.min.js.map
ERROR - 2018-10-02 17:41:21 --> 404 Page Not Found: assets/js/bootstrap/popper.min.js.map
ERROR - 2018-10-02 17:41:53 --> 404 Page Not Found: assets/css/bootstrap/bootstrap.min.css.map
ERROR - 2018-10-02 17:41:53 --> 404 Page Not Found: assets/js/bootstrap/popper.min.js.map
ERROR - 2018-10-02 17:41:53 --> 404 Page Not Found: assets/js/bootstrap/bootstrap.min.js.map
ERROR - 2018-10-02 17:43:02 --> 404 Page Not Found: assets/css/bootstrap/bootstrap.min.css.map
ERROR - 2018-10-02 17:43:02 --> 404 Page Not Found: assets/js/bootstrap/bootstrap.min.js.map
ERROR - 2018-10-02 17:43:02 --> 404 Page Not Found: assets/js/bootstrap/popper.min.js.map
ERROR - 2018-10-02 17:45:22 --> 404 Page Not Found: assets/css/bootstrap/bootstrap.min.css.map
ERROR - 2018-10-02 17:45:22 --> 404 Page Not Found: assets/js/bootstrap/popper.min.js.map
ERROR - 2018-10-02 17:45:22 --> 404 Page Not Found: assets/js/bootstrap/bootstrap.min.js.map
ERROR - 2018-10-02 17:48:38 --> 404 Page Not Found: assets/css/bootstrap/bootstrap.min.css.map
ERROR - 2018-10-02 17:48:38 --> 404 Page Not Found: assets/js/bootstrap/popper.min.js.map
ERROR - 2018-10-02 17:48:38 --> 404 Page Not Found: assets/js/bootstrap/bootstrap.min.js.map
ERROR - 2018-10-02 17:52:53 --> 404 Page Not Found: assets/css/bootstrap/bootstrap.min.css.map
ERROR - 2018-10-02 17:52:53 --> 404 Page Not Found: assets/js/bootstrap/popper.min.js.map
ERROR - 2018-10-02 17:52:53 --> 404 Page Not Found: assets/js/bootstrap/bootstrap.min.js.map
ERROR - 2018-10-02 17:53:58 --> 404 Page Not Found: assets/css/bootstrap/bootstrap.min.css.map
ERROR - 2018-10-02 17:53:58 --> 404 Page Not Found: assets/js/bootstrap/popper.min.js.map
ERROR - 2018-10-02 17:53:58 --> 404 Page Not Found: assets/js/bootstrap/bootstrap.min.js.map
ERROR - 2018-10-02 17:55:41 --> 404 Page Not Found: assets/css/bootstrap/bootstrap.min.css.map
ERROR - 2018-10-02 17:55:41 --> 404 Page Not Found: assets/js/bootstrap/popper.min.js.map
ERROR - 2018-10-02 17:55:41 --> 404 Page Not Found: assets/js/bootstrap/bootstrap.min.js.map
ERROR - 2018-10-02 17:57:10 --> 404 Page Not Found: assets/css/bootstrap/bootstrap.min.css.map
ERROR - 2018-10-02 17:57:10 --> 404 Page Not Found: assets/js/bootstrap/bootstrap.min.js.map
ERROR - 2018-10-02 17:57:10 --> 404 Page Not Found: assets/js/bootstrap/popper.min.js.map
ERROR - 2018-10-02 17:57:34 --> 404 Page Not Found: assets/css/bootstrap/bootstrap.min.css.map
ERROR - 2018-10-02 17:57:34 --> 404 Page Not Found: assets/js/bootstrap/popper.min.js.map
ERROR - 2018-10-02 17:57:34 --> 404 Page Not Found: assets/js/bootstrap/bootstrap.min.js.map
ERROR - 2018-10-02 17:58:03 --> 404 Page Not Found: assets/css/bootstrap/bootstrap.min.css.map
ERROR - 2018-10-02 17:58:03 --> 404 Page Not Found: assets/js/bootstrap/popper.min.js.map
ERROR - 2018-10-02 17:58:03 --> 404 Page Not Found: assets/js/bootstrap/bootstrap.min.js.map
ERROR - 2018-10-02 17:59:16 --> 404 Page Not Found: assets/css/bootstrap/bootstrap.min.css.map
ERROR - 2018-10-02 17:59:16 --> 404 Page Not Found: assets/js/bootstrap/popper.min.js.map
ERROR - 2018-10-02 17:59:16 --> 404 Page Not Found: assets/js/bootstrap/bootstrap.min.js.map
ERROR - 2018-10-02 17:59:49 --> 404 Page Not Found: assets/css/bootstrap/bootstrap.min.css.map
ERROR - 2018-10-02 17:59:49 --> 404 Page Not Found: assets/js/bootstrap/popper.min.js.map
ERROR - 2018-10-02 17:59:49 --> 404 Page Not Found: assets/js/bootstrap/bootstrap.min.js.map
ERROR - 2018-10-02 18:00:47 --> 404 Page Not Found: assets/css/bootstrap/bootstrap.min.css.map
ERROR - 2018-10-02 18:00:47 --> 404 Page Not Found: assets/js/bootstrap/bootstrap.min.js.map
ERROR - 2018-10-02 18:00:47 --> 404 Page Not Found: assets/js/bootstrap/popper.min.js.map
ERROR - 2018-10-02 18:01:34 --> 404 Page Not Found: assets/css/bootstrap/bootstrap.min.css.map
ERROR - 2018-10-02 18:01:34 --> 404 Page Not Found: assets/js/bootstrap/popper.min.js.map
ERROR - 2018-10-02 18:01:34 --> 404 Page Not Found: assets/js/bootstrap/bootstrap.min.js.map
ERROR - 2018-10-02 18:01:58 --> 404 Page Not Found: assets/js/bootstrap/bootstrap.min.js.map
ERROR - 2018-10-02 18:01:58 --> 404 Page Not Found: assets/js/bootstrap/popper.min.js.map
ERROR - 2018-10-02 18:01:58 --> 404 Page Not Found: assets/css/bootstrap/bootstrap.min.css.map
ERROR - 2018-10-02 18:02:18 --> 404 Page Not Found: assets/css/bootstrap/bootstrap.min.css.map
ERROR - 2018-10-02 18:02:19 --> 404 Page Not Found: assets/js/bootstrap/popper.min.js.map
ERROR - 2018-10-02 18:02:19 --> 404 Page Not Found: assets/js/bootstrap/bootstrap.min.js.map
ERROR - 2018-10-02 18:02:53 --> 404 Page Not Found: assets/js/bootstrap/bootstrap.min.js.map
ERROR - 2018-10-02 18:02:53 --> 404 Page Not Found: assets/js/bootstrap/popper.min.js.map
ERROR - 2018-10-02 18:02:53 --> 404 Page Not Found: assets/css/bootstrap/bootstrap.min.css.map
ERROR - 2018-10-02 18:03:32 --> 404 Page Not Found: assets/css/bootstrap/bootstrap.min.css.map
ERROR - 2018-10-02 18:03:32 --> 404 Page Not Found: assets/js/bootstrap/bootstrap.min.js.map
ERROR - 2018-10-02 18:03:32 --> 404 Page Not Found: assets/js/bootstrap/popper.min.js.map
ERROR - 2018-10-02 18:04:27 --> 404 Page Not Found: assets/css/bootstrap/bootstrap.min.css.map
ERROR - 2018-10-02 18:04:27 --> 404 Page Not Found: assets/js/bootstrap/popper.min.js.map
ERROR - 2018-10-02 18:04:27 --> 404 Page Not Found: assets/js/bootstrap/bootstrap.min.js.map
