ERROR - 2018-10-01 09:07:39 --> 404 Page Not Found: assets/img/1c589f56.png
ERROR - 2018-10-01 09:07:39 --> 404 Page Not Found: assets/img/89992cc82.jpg
ERROR - 2018-10-01 09:07:39 --> 404 Page Not Found: assets/img/89992cc8.png
ERROR - 2018-10-01 09:07:39 --> 404 Page Not Found: assets/img/89992cc85.jpg
ERROR - 2018-10-01 09:07:39 --> 404 Page Not Found: assets/img/89992cc8.jpg
ERROR - 2018-10-01 09:07:39 --> 404 Page Not Found: assets/img/89992cc81.png
ERROR - 2018-10-01 09:07:39 --> 404 Page Not Found: assets/img/469939c8.jpg
ERROR - 2018-10-01 09:07:39 --> 404 Page Not Found: assets/img/2fec4f29.jpg
ERROR - 2018-10-01 09:07:39 --> 404 Page Not Found: assets/img/89992cc84.jpg
ERROR - 2018-10-01 09:07:39 --> 404 Page Not Found: assets/img/89992cc83.jpg
ERROR - 2018-10-01 09:07:39 --> 404 Page Not Found: assets/img/89992cc86.jpg
ERROR - 2018-10-01 09:07:39 --> 404 Page Not Found: assets/img/89992cc81.jpg
ERROR - 2018-10-01 09:16:38 --> 404 Page Not Found: assets/js/bootstrap/popper.min.js.map
ERROR - 2018-10-01 09:16:38 --> 404 Page Not Found: assets/css/bootstrap/bootstrap.min.css.map
ERROR - 2018-10-01 09:16:38 --> 404 Page Not Found: assets/js/bootstrap/bootstrap.min.js.map
ERROR - 2018-10-01 09:18:04 --> Query error: Table 'nestgarage.footer' doesn't exist - Invalid query: 
        	SELECT
			  `id`,
			  `language_id`,
			  `title`,
			  `text`,
			  `input_1`,
			  `input_2`,
			  `button_name`,
			  `footer_text`,
			  `status`
			FROM `footer`
			 WHERE `status` = 1
			 LIMIT 2
        
ERROR - 2018-10-01 09:18:05 --> Language file contains no data: language/armenian/db_lang.php
ERROR - 2018-10-01 09:18:05 --> Could not find the language line "db_error_heading"
ERROR - 2018-10-01 09:18:10 --> Query error: Table 'nestgarage.footer' doesn't exist - Invalid query: 
        	SELECT
			  `id`,
			  `language_id`,
			  `title`,
			  `text`,
			  `input_1`,
			  `input_2`,
			  `button_name`,
			  `footer_text`,
			  `status`
			FROM `footer`
			 WHERE `status` = 1
			 LIMIT 2
        
ERROR - 2018-10-01 09:18:10 --> Language file contains no data: language/armenian/db_lang.php
ERROR - 2018-10-01 09:18:10 --> Could not find the language line "db_error_heading"
ERROR - 2018-10-01 09:18:27 --> 404 Page Not Found: assets/css/bootstrap/bootstrap.min.css.map
ERROR - 2018-10-01 09:18:28 --> 404 Page Not Found: assets/js/bootstrap/popper.min.js.map
ERROR - 2018-10-01 09:18:28 --> 404 Page Not Found: assets/js/bootstrap/bootstrap.min.js.map
ERROR - 2018-10-01 09:18:30 --> 404 Page Not Found: assets/css/bootstrap/bootstrap.min.css.map
ERROR - 2018-10-01 09:18:30 --> 404 Page Not Found: assets/js/bootstrap/bootstrap.min.js.map
ERROR - 2018-10-01 09:18:30 --> 404 Page Not Found: assets/js/bootstrap/popper.min.js.map
ERROR - 2018-10-01 09:21:11 --> Query error: Table 'nestgarage.footer' doesn't exist - Invalid query: 
        	SELECT
			  `id`,
			  `language_id`,
			  `title`,
			  `text`,
			  `input_1`,
			  `input_2`,
			  `button_name`,
			  `footer_text`,
			  `status`
			FROM `footer`
			 WHERE `status` = 1
			 LIMIT 2
        
ERROR - 2018-10-01 09:21:11 --> Language file contains no data: language/armenian/db_lang.php
ERROR - 2018-10-01 09:21:11 --> Could not find the language line "db_error_heading"
ERROR - 2018-10-01 09:27:07 --> 404 Page Not Found: assets/css/bootstrap/bootstrap.min.css.map
ERROR - 2018-10-01 09:27:07 --> 404 Page Not Found: assets/js/bootstrap/popper.min.js.map
ERROR - 2018-10-01 09:27:07 --> 404 Page Not Found: assets/js/bootstrap/bootstrap.min.js.map
ERROR - 2018-10-01 09:29:40 --> 404 Page Not Found: assets/css/bootstrap/bootstrap.min.css.map
ERROR - 2018-10-01 09:29:41 --> 404 Page Not Found: assets/js/bootstrap/bootstrap.min.js.map
ERROR - 2018-10-01 09:29:41 --> 404 Page Not Found: assets/js/bootstrap/popper.min.js.map
ERROR - 2018-10-01 09:31:43 --> 404 Page Not Found: gsdfgfsd
ERROR - 2018-10-01 09:31:43 --> 404 Page Not Found: assets/img/188d2f0a1.jpg
ERROR - 2018-10-01 09:31:43 --> 404 Page Not Found: assets/img/188d2f0a.jpg
ERROR - 2018-10-01 09:31:43 --> 404 Page Not Found: assets/img/89992cc82.jpg
ERROR - 2018-10-01 09:31:43 --> 404 Page Not Found: assets/img/89992cc8.png
ERROR - 2018-10-01 09:31:43 --> 404 Page Not Found: assets/img/89992cc8.jpg
ERROR - 2018-10-01 09:31:43 --> 404 Page Not Found: assets/img/89992cc85.jpg
ERROR - 2018-10-01 09:31:43 --> 404 Page Not Found: assets/img/1c589f56.png
ERROR - 2018-10-01 09:31:43 --> 404 Page Not Found: assets/img/ac3181ee.png
ERROR - 2018-10-01 09:31:43 --> 404 Page Not Found: assets/img/9bfd8c22.jpg
ERROR - 2018-10-01 09:31:43 --> 404 Page Not Found: assets/img/89992cc86.jpg
ERROR - 2018-10-01 09:31:43 --> 404 Page Not Found: assets/img/469939c8.jpg
ERROR - 2018-10-01 09:31:43 --> 404 Page Not Found: assets/img/89992cc84.jpg
ERROR - 2018-10-01 09:31:43 --> 404 Page Not Found: assets/img/89992cc83.jpg
ERROR - 2018-10-01 09:31:43 --> 404 Page Not Found: assets/img/89992cc81.jpg
ERROR - 2018-10-01 09:32:05 --> 404 Page Not Found: assets/img/188d2f0a.jpg
ERROR - 2018-10-01 09:32:05 --> 404 Page Not Found: assets/img/188d2f0a1.jpg%20
ERROR - 2018-10-01 09:32:36 --> 404 Page Not Found: gsdfgfsd
ERROR - 2018-10-01 09:32:36 --> 404 Page Not Found: assets/img/89992cc8.jpg
ERROR - 2018-10-01 09:32:36 --> 404 Page Not Found: assets/img/89992cc82.jpg
ERROR - 2018-10-01 09:32:36 --> 404 Page Not Found: assets/img/89992cc8.png
ERROR - 2018-10-01 09:32:36 --> 404 Page Not Found: assets/img/89992cc85.jpg
ERROR - 2018-10-01 09:32:36 --> 404 Page Not Found: assets/img/1c589f56.png
ERROR - 2018-10-01 09:32:36 --> 404 Page Not Found: assets/img/ac3181ee.png
ERROR - 2018-10-01 09:32:36 --> 404 Page Not Found: assets/img/9bfd8c22.jpg
ERROR - 2018-10-01 09:32:36 --> 404 Page Not Found: assets/img/469939c8.jpg
ERROR - 2018-10-01 09:32:36 --> 404 Page Not Found: assets/img/89992cc86.jpg
ERROR - 2018-10-01 09:32:36 --> 404 Page Not Found: assets/img/89992cc84.jpg
ERROR - 2018-10-01 09:32:36 --> 404 Page Not Found: assets/img/89992cc83.jpg
ERROR - 2018-10-01 09:32:36 --> 404 Page Not Found: assets/img/89992cc81.jpg
ERROR - 2018-10-01 10:10:26 --> 404 Page Not Found: assets/js/bootstrap/bootstrap.min.js.map
ERROR - 2018-10-01 10:10:26 --> 404 Page Not Found: assets/css/bootstrap/bootstrap.min.css.map
ERROR - 2018-10-01 10:10:26 --> 404 Page Not Found: assets/js/bootstrap/popper.min.js.map
ERROR - 2018-10-01 10:11:09 --> 404 Page Not Found: assets/js/bootstrap/popper.min.js.map
ERROR - 2018-10-01 10:11:09 --> 404 Page Not Found: assets/js/bootstrap/bootstrap.min.js.map
ERROR - 2018-10-01 10:11:09 --> 404 Page Not Found: assets/css/bootstrap/bootstrap.min.css.map
ERROR - 2018-10-01 10:14:19 --> 404 Page Not Found: assets/js/bootstrap/bootstrap.min.js.map
ERROR - 2018-10-01 10:14:19 --> 404 Page Not Found: assets/js/bootstrap/popper.min.js.map
ERROR - 2018-10-01 10:14:19 --> 404 Page Not Found: assets/css/bootstrap/bootstrap.min.css.map
ERROR - 2018-10-01 10:16:06 --> 404 Page Not Found: assets/img/9bfd8c22.jpg
ERROR - 2018-10-01 10:17:47 --> 404 Page Not Found: assets/img/ac3181ee.png
ERROR - 2018-10-01 10:18:01 --> 404 Page Not Found: assets/img/188d2f0a1.jpg
ERROR - 2018-10-01 10:18:01 --> 404 Page Not Found: assets/img/188d2f0a.jpg
ERROR - 2018-10-01 10:18:01 --> 404 Page Not Found: gsdfgfsd
ERROR - 2018-10-01 10:18:02 --> 404 Page Not Found: assets/img/9994a1231.png
ERROR - 2018-10-01 10:18:02 --> 404 Page Not Found: assets/img/9994a123.png
ERROR - 2018-10-01 10:18:02 --> 404 Page Not Found: assets/img/89992cc8.png
ERROR - 2018-10-01 10:18:02 --> 404 Page Not Found: assets/img/9994a1232.png
ERROR - 2018-10-01 10:18:02 --> 404 Page Not Found: assets/img/9994a1233.png
ERROR - 2018-10-01 10:18:02 --> 404 Page Not Found: assets/img/ac3181ee.png
ERROR - 2018-10-01 10:18:02 --> 404 Page Not Found: assets/img/9bfd8c22.jpg
ERROR - 2018-10-01 10:18:02 --> 404 Page Not Found: assets/img/469939c8.jpg
ERROR - 2018-10-01 10:18:02 --> 404 Page Not Found: assets/img/89992cc86.jpg
ERROR - 2018-10-01 10:18:02 --> 404 Page Not Found: assets/img/89992cc84.jpg
ERROR - 2018-10-01 10:18:02 --> 404 Page Not Found: assets/img/89992cc83.jpg
ERROR - 2018-10-01 10:18:02 --> 404 Page Not Found: assets/img/89992cc81.jpg
ERROR - 2018-10-01 10:18:26 --> 404 Page Not Found: assets/img/188d2f0a.jpg
ERROR - 2018-10-01 10:18:26 --> 404 Page Not Found: assets/img/188d2f0a1.jpg%20
ERROR - 2018-10-01 10:18:47 --> 404 Page Not Found: gsdfgfsd
ERROR - 2018-10-01 10:18:47 --> 404 Page Not Found: assets/img/9994a123.png
ERROR - 2018-10-01 10:18:47 --> 404 Page Not Found: assets/img/9994a1231.png
ERROR - 2018-10-01 10:18:47 --> 404 Page Not Found: assets/img/89992cc8.png
ERROR - 2018-10-01 10:18:47 --> 404 Page Not Found: assets/img/9994a1232.png
ERROR - 2018-10-01 10:18:47 --> 404 Page Not Found: assets/img/9994a1233.png
ERROR - 2018-10-01 10:18:47 --> 404 Page Not Found: assets/img/9bfd8c22.jpg
ERROR - 2018-10-01 10:18:47 --> 404 Page Not Found: assets/img/469939c8.jpg
ERROR - 2018-10-01 10:18:47 --> 404 Page Not Found: assets/img/89992cc86.jpg
ERROR - 2018-10-01 10:18:47 --> 404 Page Not Found: assets/img/89992cc84.jpg
ERROR - 2018-10-01 10:18:47 --> 404 Page Not Found: assets/img/89992cc83.jpg
ERROR - 2018-10-01 10:18:47 --> 404 Page Not Found: assets/img/89992cc81.jpg
ERROR - 2018-10-01 10:18:59 --> 404 Page Not Found: assets/img/89992cc81.jpg
ERROR - 2018-10-01 10:18:59 --> 404 Page Not Found: assets/img/9994a123.png
ERROR - 2018-10-01 10:18:59 --> 404 Page Not Found: assets/img/9994a1231.png
ERROR - 2018-10-01 10:18:59 --> 404 Page Not Found: assets/img/89992cc83.jpg
ERROR - 2018-10-01 10:18:59 --> 404 Page Not Found: assets/img/89992cc8.png
ERROR - 2018-10-01 10:18:59 --> 404 Page Not Found: assets/img/9994a1232.png
ERROR - 2018-10-01 10:18:59 --> 404 Page Not Found: assets/img/89992cc84.jpg
ERROR - 2018-10-01 10:18:59 --> 404 Page Not Found: assets/img/89992cc86.jpg
ERROR - 2018-10-01 10:18:59 --> 404 Page Not Found: assets/img/469939c8.jpg
ERROR - 2018-10-01 10:18:59 --> 404 Page Not Found: assets/img/9994a1233.png
ERROR - 2018-10-01 10:18:59 --> 404 Page Not Found: assets/img/89992cc81.png
ERROR - 2018-10-01 10:18:59 --> 404 Page Not Found: assets/img/2fec4f29.jpg
ERROR - 2018-10-01 10:19:39 --> 404 Page Not Found: gsdfgfsd
ERROR - 2018-10-01 10:19:39 --> 404 Page Not Found: assets/img/9bfd8c22.jpg
ERROR - 2018-10-01 10:20:02 --> 404 Page Not Found: gsdfgfsd
ERROR - 2018-10-01 10:20:02 --> 404 Page Not Found: assets/img/9bfd8c22.jpg
ERROR - 2018-10-01 10:20:16 --> 404 Page Not Found: gsdfgfsd
ERROR - 2018-10-01 10:20:16 --> 404 Page Not Found: assets/img/9bfd8c22.jpg
ERROR - 2018-10-01 11:19:31 --> 404 Page Not Found: gsdfgfsd
ERROR - 2018-10-01 11:19:31 --> 404 Page Not Found: assets/img/9bfd8c22.jpg
ERROR - 2018-10-01 11:33:53 --> 404 Page Not Found: robots.txt
ERROR - 2018-10-01 11:33:53 --> Severity: Warning --> mysqli::real_connect(): (28000/1045): Access denied for user 'root'@'localhost' (using password: NO) /home/tilema/nestgarage.dilemmatik.ru/system/database/drivers/mysqli/mysqli_driver.php 201
ERROR - 2018-10-01 11:33:53 --> Unable to connect to the database
ERROR - 2018-10-01 11:33:53 --> Language file contains no data: language/armenian/db_lang.php
ERROR - 2018-10-01 11:33:53 --> Could not find the language line "db_error_heading"
ERROR - 2018-10-01 11:33:53 --> Could not find the language line "db_unable_to_connect"
ERROR - 2018-10-01 11:33:53 --> 404 Page Not Found: favicon.ico
ERROR - 2018-10-01 11:38:41 --> Query error: Table 'tilema_nestgarage.web' doesn't exist - Invalid query: 
        	SELECT 
			  `web`.`language_id`,
			  `language`.`title` AS `language`,
			  `language`.`status` AS `language_status`,
			  `web`.`favicon`,
			  `web`.`website_name`,
			  `web`.`meta_desc`,
			  `web`.`key_word` 
			FROM
			  `web` 
			  LEFT JOIN `language` 
				ON `language`.`id` = `web`.`language_id` 
			WHERE `web`.`status` = 1 
				/*AND `web`.`language_id` = '0'*/
        
ERROR - 2018-10-01 11:38:41 --> Language file contains no data: language/armenian/db_lang.php
ERROR - 2018-10-01 11:38:41 --> Could not find the language line "db_error_heading"
ERROR - 2018-10-01 11:39:27 --> 404 Page Not Found: gsdfgfsd
ERROR - 2018-10-01 11:39:27 --> 404 Page Not Found: assets/img/188d2f0a1.jpg
ERROR - 2018-10-01 11:39:27 --> 404 Page Not Found: assets/img/188d2f0a.jpg
ERROR - 2018-10-01 11:39:27 --> 404 Page Not Found: assets/img/9994a123.png
ERROR - 2018-10-01 11:39:27 --> 404 Page Not Found: assets/img/9994a1231.png
ERROR - 2018-10-01 11:39:27 --> 404 Page Not Found: assets/img/9994a1232.png
ERROR - 2018-10-01 11:39:27 --> 404 Page Not Found: assets/img/9994a1233.png
ERROR - 2018-10-01 11:39:27 --> 404 Page Not Found: assets/img/89992cc8.png
ERROR - 2018-10-01 11:39:27 --> 404 Page Not Found: assets/img/89992cc81.png
ERROR - 2018-10-01 11:39:28 --> 404 Page Not Found: assets/img/ac3181ee.png
ERROR - 2018-10-01 11:39:28 --> 404 Page Not Found: assets/img/9bfd8c22.jpg
ERROR - 2018-10-01 11:39:28 --> 404 Page Not Found: assets/img/2fec4f29.jpg
ERROR - 2018-10-01 11:39:28 --> 404 Page Not Found: assets/img/469939c8.jpg
ERROR - 2018-10-01 11:39:28 --> 404 Page Not Found: assets/img/89992cc86.jpg
ERROR - 2018-10-01 11:39:28 --> 404 Page Not Found: assets/img/89992cc84.jpg
ERROR - 2018-10-01 11:39:28 --> 404 Page Not Found: assets/img/89992cc83.jpg
ERROR - 2018-10-01 11:39:28 --> 404 Page Not Found: assets/img/89992cc81.jpg
ERROR - 2018-10-01 11:39:39 --> Severity: Warning --> chmod(): No such file or directory /home/tilema/nestgarage.dilemmatik.ru/application/modules/admin/controllers/User.php 41
ERROR - 2018-10-01 11:39:39 --> Severity: Warning --> parse_ini_file(/home/tilema/nestgarage.dilemmatik.ru/application\login\login_pass.ini): failed to open stream: No such file or directory /home/tilema/nestgarage.dilemmatik.ru/application/modules/admin/controllers/User.php 42
ERROR - 2018-10-01 11:39:39 --> Severity: Warning --> chmod(): No such file or directory /home/tilema/nestgarage.dilemmatik.ru/application/modules/admin/controllers/User.php 43
ERROR - 2018-10-01 11:40:32 --> Severity: Warning --> parse_ini_file(/home/tilema/nestgarage.dilemmatik.ru/application\login\login_pass.ini): failed to open stream: No such file or directory /home/tilema/nestgarage.dilemmatik.ru/application/modules/admin/controllers/User.php 42
ERROR - 2018-10-01 11:40:34 --> Severity: Warning --> parse_ini_file(/home/tilema/nestgarage.dilemmatik.ru/application\login\login_pass.ini): failed to open stream: No such file or directory /home/tilema/nestgarage.dilemmatik.ru/application/modules/admin/controllers/User.php 42
ERROR - 2018-10-01 11:41:22 --> Severity: Warning --> parse_ini_file(/home/tilema/nestgarage.dilemmatik.ru/application\login\login_pass.ini): failed to open stream: No such file or directory /home/tilema/nestgarage.dilemmatik.ru/application/modules/admin/controllers/User.php 42
ERROR - 2018-10-01 11:41:36 --> 404 Page Not Found: application/login/login_pass.ini
ERROR - 2018-10-01 11:42:44 --> 404 Page Not Found: assets/img/ac3181ee.png
ERROR - 2018-10-01 11:42:48 --> 404 Page Not Found: assets/img/188d2f0a.jpg
ERROR - 2018-10-01 11:42:48 --> 404 Page Not Found: assets/img/188d2f0a1.jpg%20
ERROR - 2018-10-01 11:43:06 --> 404 Page Not Found: robots.txt
ERROR - 2018-10-01 11:43:06 --> 404 Page Not Found: assets/img/10f7481c1.jpg%20
ERROR - 2018-10-01 11:43:17 --> 404 Page Not Found: assets/img/c2f55032.jpg%20
ERROR - 2018-10-01 11:43:25 --> 404 Page Not Found: assets/img/f1eb27d7.jpg%20
ERROR - 2018-10-01 11:43:28 --> 404 Page Not Found: assets/img/f1eb27d7.jpg%20
ERROR - 2018-10-01 11:43:37 --> 404 Page Not Found: assets/img/038c0856.jpg%20
ERROR - 2018-10-01 11:43:40 --> 404 Page Not Found: assets/img/038c0856.jpg%20
ERROR - 2018-10-01 11:43:41 --> 404 Page Not Found: assets/img/038c0856.jpg%20
ERROR - 2018-10-01 11:43:43 --> 404 Page Not Found: assets/img/9994a123.png
ERROR - 2018-10-01 11:43:43 --> 404 Page Not Found: assets/img/89992cc81.jpg
ERROR - 2018-10-01 11:43:44 --> 404 Page Not Found: assets/img/9994a1233.png
ERROR - 2018-10-01 11:43:44 --> 404 Page Not Found: assets/img/89992cc86.jpg
ERROR - 2018-10-01 11:43:44 --> 404 Page Not Found: assets/img/469939c8.jpg
ERROR - 2018-10-01 11:43:44 --> 404 Page Not Found: assets/img/9994a1232.png
ERROR - 2018-10-01 11:43:44 --> 404 Page Not Found: assets/img/9994a1231.png
ERROR - 2018-10-01 11:43:44 --> 404 Page Not Found: assets/img/89992cc83.jpg
ERROR - 2018-10-01 11:43:44 --> 404 Page Not Found: assets/img/89992cc8.png
ERROR - 2018-10-01 11:43:44 --> 404 Page Not Found: assets/img/89992cc84.jpg
ERROR - 2018-10-01 11:43:44 --> 404 Page Not Found: assets/img/89992cc81.png
ERROR - 2018-10-01 11:43:44 --> 404 Page Not Found: assets/img/2fec4f29.jpg
ERROR - 2018-10-01 11:43:50 --> 404 Page Not Found: assets/img/89992cc81.jpg
ERROR - 2018-10-01 11:43:51 --> 404 Page Not Found: assets/img/469939c8.jpg
ERROR - 2018-10-01 11:43:51 --> 404 Page Not Found: assets/img/89992cc83.jpg
ERROR - 2018-10-01 11:43:51 --> 404 Page Not Found: assets/img/89992cc86.jpg
ERROR - 2018-10-01 11:43:51 --> 404 Page Not Found: assets/img/9994a1233.png
ERROR - 2018-10-01 11:43:51 --> 404 Page Not Found: assets/img/9994a1231.png
ERROR - 2018-10-01 11:43:51 --> 404 Page Not Found: assets/img/89992cc84.jpg
ERROR - 2018-10-01 11:43:51 --> 404 Page Not Found: assets/img/89992cc8.png
ERROR - 2018-10-01 11:43:51 --> 404 Page Not Found: assets/img/2fec4f29.jpg
ERROR - 2018-10-01 11:43:51 --> 404 Page Not Found: assets/img/89992cc81.png
ERROR - 2018-10-01 11:44:02 --> 404 Page Not Found: assets/img/9994a1231.png
ERROR - 2018-10-01 11:44:02 --> 404 Page Not Found: assets/img/9994a1233.png
ERROR - 2018-10-01 11:44:02 --> 404 Page Not Found: assets/img/469939c8.jpg
ERROR - 2018-10-01 11:44:02 --> 404 Page Not Found: assets/img/89992cc83.jpg
ERROR - 2018-10-01 11:44:02 --> 404 Page Not Found: assets/img/89992cc8.png
ERROR - 2018-10-01 11:44:02 --> 404 Page Not Found: assets/img/89992cc84.jpg
ERROR - 2018-10-01 11:44:02 --> 404 Page Not Found: assets/img/89992cc81.png
ERROR - 2018-10-01 11:44:02 --> 404 Page Not Found: assets/img/2fec4f29.jpg
ERROR - 2018-10-01 11:44:16 --> 404 Page Not Found: assets/img/89992cc83.jpg
ERROR - 2018-10-01 11:44:16 --> 404 Page Not Found: assets/img/469939c8.jpg
ERROR - 2018-10-01 11:44:16 --> 404 Page Not Found: assets/img/89992cc8.png
ERROR - 2018-10-01 11:44:16 --> 404 Page Not Found: assets/img/89992cc84.jpg
ERROR - 2018-10-01 11:44:16 --> 404 Page Not Found: assets/img/89992cc81.png
ERROR - 2018-10-01 11:44:16 --> 404 Page Not Found: assets/img/2fec4f29.jpg
ERROR - 2018-10-01 11:44:34 --> 404 Page Not Found: assets/img/89992cc8.png
ERROR - 2018-10-01 11:44:34 --> 404 Page Not Found: assets/img/89992cc84.jpg
ERROR - 2018-10-01 11:44:35 --> 404 Page Not Found: assets/img/89992cc81.png
ERROR - 2018-10-01 11:44:35 --> 404 Page Not Found: assets/img/2fec4f29.jpg
ERROR - 2018-10-01 11:44:54 --> 404 Page Not Found: assets/img/2fec4f29.jpg
ERROR - 2018-10-01 11:44:57 --> 404 Page Not Found: assets/img/9bfd8c22.jpg
ERROR - 2018-10-01 11:45:15 --> 404 Page Not Found: application/login/login_pass.ini
ERROR - 2018-10-01 11:45:22 --> 404 Page Not Found: gsdfgfsd
ERROR - 2018-10-01 11:45:22 --> 404 Page Not Found: assets/img/ac3181ee.png
ERROR - 2018-10-01 11:45:23 --> 404 Page Not Found: assets/img/2fec4f29.jpg
ERROR - 2018-10-01 11:45:36 --> 404 Page Not Found: assets/img/ac3181ee.png
ERROR - 2018-10-01 11:45:39 --> 404 Page Not Found: assets/img/038c0856.jpg%20
ERROR - 2018-10-01 11:45:45 --> 404 Page Not Found: assets/img/5c3cda5f.jpg%20
ERROR - 2018-10-01 11:45:51 --> 404 Page Not Found: gsdfgfsd
ERROR - 2018-10-01 11:45:51 --> 404 Page Not Found: assets/img/ac3181ee.png
ERROR - 2018-10-01 11:45:51 --> 404 Page Not Found: assets/img/2fec4f29.jpg
ERROR - 2018-10-01 11:46:42 --> 404 Page Not Found: gsdfgfsd
ERROR - 2018-10-01 11:46:43 --> 404 Page Not Found: assets/img/ac3181ee.png
ERROR - 2018-10-01 11:46:43 --> 404 Page Not Found: assets/img/2fec4f29.jpg
ERROR - 2018-10-01 11:47:23 --> 404 Page Not Found: robots.txt
ERROR - 2018-10-01 11:47:23 --> 404 Page Not Found: assets/img/ac3181ee.png
ERROR - 2018-10-01 11:47:30 --> 404 Page Not Found: assets/img/5c3cda5f.jpg%20
ERROR - 2018-10-01 11:47:35 --> 404 Page Not Found: assets/js/bootstrap/popper.min.js.map
ERROR - 2018-10-01 11:47:35 --> 404 Page Not Found: assets/js/bootstrap/bootstrap.min.js.map
ERROR - 2018-10-01 11:47:35 --> 404 Page Not Found: assets/css/bootstrap/bootstrap.min.css.map
ERROR - 2018-10-01 11:47:37 --> 404 Page Not Found: gsdfgfsd
ERROR - 2018-10-01 11:47:38 --> 404 Page Not Found: assets/img/ac3181ee.png
ERROR - 2018-10-01 11:47:38 --> 404 Page Not Found: assets/img/2fec4f29.jpg
ERROR - 2018-10-01 11:47:43 --> 404 Page Not Found: LangSwitch/switchLanguage/lang_2
ERROR - 2018-10-01 11:47:43 --> 404 Page Not Found: favicon.ico
ERROR - 2018-10-01 11:47:51 --> 404 Page Not Found: LangSwitch/switchLanguage/lang_1
ERROR - 2018-10-01 11:48:06 --> 404 Page Not Found: gsdfgfsd
ERROR - 2018-10-01 11:48:07 --> 404 Page Not Found: assets/img/ac3181ee.png
ERROR - 2018-10-01 11:48:07 --> 404 Page Not Found: assets/img/2fec4f29.jpg
ERROR - 2018-10-01 11:48:34 --> 404 Page Not Found: assets/css/bootstrap/bootstrap.min.css.map
ERROR - 2018-10-01 11:48:35 --> 404 Page Not Found: assets/js/bootstrap/bootstrap.min.js.map
ERROR - 2018-10-01 11:48:35 --> 404 Page Not Found: assets/js/bootstrap/popper.min.js.map
ERROR - 2018-10-01 11:48:40 --> 404 Page Not Found: gsdfgfsd
ERROR - 2018-10-01 11:48:40 --> 404 Page Not Found: assets/img/ac3181ee.png
ERROR - 2018-10-01 11:48:40 --> 404 Page Not Found: assets/img/2fec4f29.jpg
ERROR - 2018-10-01 11:48:42 --> 404 Page Not Found: LangSwitch/switchLanguage/lang_2
ERROR - 2018-10-01 11:51:39 --> 404 Page Not Found: LangSwitch/switchLanguage/lang_2
ERROR - 2018-10-01 11:51:44 --> 404 Page Not Found: gsdfgfsd
ERROR - 2018-10-01 11:51:44 --> 404 Page Not Found: assets/img/ac3181ee.png
ERROR - 2018-10-01 11:51:44 --> 404 Page Not Found: assets/img/2fec4f29.jpg
ERROR - 2018-10-01 11:51:45 --> 404 Page Not Found: LangSwitch/switchLanguage/lang_1
ERROR - 2018-10-01 11:52:00 --> 404 Page Not Found: assets/img/2fec4f29.jpg
ERROR - 2018-10-01 11:52:01 --> 404 Page Not Found: LangSwitch/switchLanguage/lang_1
ERROR - 2018-10-01 11:52:04 --> 404 Page Not Found: LangSwitch/switchLanguage/lang_2
ERROR - 2018-10-01 11:53:06 --> 404 Page Not Found: gsdfgfsd
ERROR - 2018-10-01 11:53:06 --> 404 Page Not Found: assets/img/ac3181ee.png
ERROR - 2018-10-01 11:53:06 --> 404 Page Not Found: assets/img/2fec4f29.jpg
ERROR - 2018-10-01 11:53:07 --> 404 Page Not Found: LangSwitch/switchLanguage/lang_1
ERROR - 2018-10-01 11:53:10 --> 404 Page Not Found: LangSwitch/switchLanguage/lang_2
ERROR - 2018-10-01 11:53:11 --> 404 Page Not Found: robots.txt
ERROR - 2018-10-01 11:54:04 --> 404 Page Not Found: gsdfgfsd
ERROR - 2018-10-01 11:54:04 --> 404 Page Not Found: assets/img/ac3181ee.png
ERROR - 2018-10-01 11:54:04 --> 404 Page Not Found: assets/img/2fec4f29.jpg
ERROR - 2018-10-01 11:54:04 --> 404 Page Not Found: LangSwitch/switchLanguage/lang_2
ERROR - 2018-10-01 11:54:08 --> 404 Page Not Found: LangSwitch/switchLanguage/lang_2
ERROR - 2018-10-01 11:55:44 --> 404 Page Not Found: LangSwitch/switchLanguage/lang_2
ERROR - 2018-10-01 11:55:45 --> 404 Page Not Found: LangSwitch/switchLanguage/lang_2
ERROR - 2018-10-01 11:55:45 --> 404 Page Not Found: LangSwitch/switchLanguage/lang_2
ERROR - 2018-10-01 11:55:46 --> 404 Page Not Found: LangSwitch/switchLanguage/lang_2
ERROR - 2018-10-01 11:55:47 --> 404 Page Not Found: LangSwitch/switchLanguage/lang_2
ERROR - 2018-10-01 11:55:47 --> 404 Page Not Found: favicon.ico
ERROR - 2018-10-01 11:55:47 --> 404 Page Not Found: LangSwitch/switchLanguage/lang_2
ERROR - 2018-10-01 11:55:48 --> 404 Page Not Found: LangSwitch/switchLanguage/lang_2
ERROR - 2018-10-01 11:55:48 --> 404 Page Not Found: LangSwitch/switchLanguage/lang_2
ERROR - 2018-10-01 11:55:48 --> 404 Page Not Found: LangSwitch/switchLanguage/lang_2
ERROR - 2018-10-01 11:55:48 --> 404 Page Not Found: favicon.ico
ERROR - 2018-10-01 11:55:52 --> 404 Page Not Found: gsdfgfsd
ERROR - 2018-10-01 11:55:52 --> 404 Page Not Found: assets/img/ac3181ee.png
ERROR - 2018-10-01 11:55:52 --> 404 Page Not Found: assets/img/2fec4f29.jpg
ERROR - 2018-10-01 11:55:53 --> 404 Page Not Found: LangSwitch/switchLanguage/lang_1
ERROR - 2018-10-01 11:57:24 --> 404 Page Not Found: LangSwitch/switchLanguage/lang_1
ERROR - 2018-10-01 11:57:59 --> 404 Page Not Found: LangSwitch/switchLanguage/
ERROR - 2018-10-01 11:57:59 --> 404 Page Not Found: LangSwitch/switchLanguage/
ERROR - 2018-10-01 11:58:00 --> 404 Page Not Found: LangSwitch/switchLanguage/
ERROR - 2018-10-01 11:58:01 --> 404 Page Not Found: LangSwitch/switchLanguage/
ERROR - 2018-10-01 11:58:01 --> 404 Page Not Found: LangSwitch/switchLanguage/
ERROR - 2018-10-01 11:58:02 --> 404 Page Not Found: LangSwitch/switchLanguage/
ERROR - 2018-10-01 11:58:10 --> 404 Page Not Found: LangSwitch/switchLanguage/
ERROR - 2018-10-01 11:58:11 --> 404 Page Not Found: LangSwitch/switchLanguage/
ERROR - 2018-10-01 11:59:11 --> 404 Page Not Found: robots.txt
ERROR - 2018-10-01 11:59:12 --> 404 Page Not Found: gsdfgfsd
ERROR - 2018-10-01 11:59:12 --> 404 Page Not Found: assets/img/ac3181ee.png
ERROR - 2018-10-01 11:59:12 --> 404 Page Not Found: assets/img/2fec4f29.jpg
ERROR - 2018-10-01 11:59:15 --> 404 Page Not Found: assets/img/ac3181ee.png
ERROR - 2018-10-01 11:59:15 --> 404 Page Not Found: gsdfgfsd
ERROR - 2018-10-01 11:59:16 --> 404 Page Not Found: gsdfgfsd
ERROR - 2018-10-01 11:59:16 --> 404 Page Not Found: assets/img/ac3181ee.png
ERROR - 2018-10-01 11:59:16 --> 404 Page Not Found: assets/img/2fec4f29.jpg
ERROR - 2018-10-01 11:59:43 --> 404 Page Not Found: assets/img/ac3181ee.png
ERROR - 2018-10-01 11:59:57 --> 404 Page Not Found: gsdfgfsd
ERROR - 2018-10-01 11:59:57 --> 404 Page Not Found: assets/img/2fec4f29.jpg
ERROR - 2018-10-01 12:00:37 --> 404 Page Not Found: gsdfgfsd
ERROR - 2018-10-01 12:00:38 --> 404 Page Not Found: assets/img/2fec4f29.jpg
ERROR - 2018-10-01 12:00:42 --> 404 Page Not Found: gsdfgfsd
ERROR - 2018-10-01 12:00:43 --> 404 Page Not Found: assets/img/2fec4f29.jpg
ERROR - 2018-10-01 12:00:48 --> 404 Page Not Found: gsdfgfsd
ERROR - 2018-10-01 12:00:48 --> 404 Page Not Found: assets/img/2fec4f29.jpg
ERROR - 2018-10-01 12:01:03 --> 404 Page Not Found: gsdfgfsd
ERROR - 2018-10-01 12:01:05 --> 404 Page Not Found: assets/img/2fec4f29.jpg
ERROR - 2018-10-01 12:01:32 --> 404 Page Not Found: gsdfgfsd
ERROR - 2018-10-01 12:01:34 --> 404 Page Not Found: gsdfgfsd
ERROR - 2018-10-01 12:01:34 --> 404 Page Not Found: assets/img/2fec4f29.jpg
ERROR - 2018-10-01 12:01:42 --> 404 Page Not Found: gsdfgfsd
ERROR - 2018-10-01 12:01:43 --> 404 Page Not Found: assets/img/2fec4f29.jpg
ERROR - 2018-10-01 12:02:54 --> 404 Page Not Found: gsdfgfsd
ERROR - 2018-10-01 12:02:54 --> 404 Page Not Found: assets/img/2fec4f29.jpg
ERROR - 2018-10-01 12:02:56 --> 404 Page Not Found: aaaaa1
ERROR - 2018-10-01 12:02:57 --> 404 Page Not Found: favicon.ico
ERROR - 2018-10-01 12:08:09 --> Severity: Warning --> mysqli::real_connect(): (HY000/1045): Access denied for user 'tilema_dilemma'@'localhost' (using password: YES) D:\OSPanel\domains\localhost\NestGarage\system\database\drivers\mysqli\mysqli_driver.php 201
ERROR - 2018-10-01 12:08:09 --> Unable to connect to the database
ERROR - 2018-10-01 12:08:09 --> Language file contains no data: language/armenian/db_lang.php
ERROR - 2018-10-01 12:08:09 --> Could not find the language line "db_error_heading"
ERROR - 2018-10-01 12:08:09 --> Could not find the language line "db_unable_to_connect"
ERROR - 2018-10-01 12:08:09 --> Severity: Warning --> Cannot modify header information - headers already sent by (output started at D:\OSPanel\domains\localhost\NestGarage\system\core\Exceptions.php:271) D:\OSPanel\domains\localhost\NestGarage\system\core\Common.php 570
ERROR - 2018-10-01 12:08:47 --> 404 Page Not Found: gsdfgfsd
ERROR - 2018-10-01 12:11:24 --> 404 Page Not Found: gsdfgfsd
ERROR - 2018-10-01 12:11:24 --> 404 Page Not Found: assets/img/9bfd8c22.jpg
ERROR - 2018-10-01 12:11:57 --> 404 Page Not Found: gsdfgfsd
ERROR - 2018-10-01 12:11:57 --> 404 Page Not Found: assets/img/9bfd8c22.jpg
ERROR - 2018-10-01 12:12:07 --> 404 Page Not Found: gsdfgfsd
ERROR - 2018-10-01 12:12:23 --> 404 Page Not Found: gsdfgfsd
ERROR - 2018-10-01 12:12:23 --> 404 Page Not Found: assets/img/9bfd8c22.jpg
ERROR - 2018-10-01 12:13:39 --> 404 Page Not Found: gsdfgfsd
ERROR - 2018-10-01 12:13:39 --> 404 Page Not Found: assets/img/9bfd8c22.jpg
ERROR - 2018-10-01 12:13:43 --> 404 Page Not Found: gsdfgfsd
ERROR - 2018-10-01 12:13:43 --> 404 Page Not Found: assets/img/9bfd8c22.jpg
ERROR - 2018-10-01 12:28:27 --> 404 Page Not Found: gsdfgfsd
ERROR - 2018-10-01 12:28:27 --> 404 Page Not Found: assets/img/9bfd8c22.jpg
ERROR - 2018-10-01 12:30:18 --> 404 Page Not Found: gsdfgfsd
ERROR - 2018-10-01 12:30:18 --> 404 Page Not Found: assets/img/9bfd8c22.jpg
ERROR - 2018-10-01 12:30:24 --> 404 Page Not Found: gsdfgfsd
ERROR - 2018-10-01 12:30:24 --> 404 Page Not Found: assets/img/9bfd8c22.jpg
ERROR - 2018-10-01 12:31:42 --> 404 Page Not Found: gsdfgfsd
ERROR - 2018-10-01 12:31:42 --> 404 Page Not Found: assets/img/9bfd8c22.jpg
ERROR - 2018-10-01 12:32:58 --> 404 Page Not Found: gsdfgfsd
ERROR - 2018-10-01 12:32:58 --> 404 Page Not Found: assets/img/9bfd8c22.jpg
ERROR - 2018-10-01 12:34:24 --> 404 Page Not Found: gsdfgfsd
ERROR - 2018-10-01 12:34:25 --> 404 Page Not Found: assets/img/9bfd8c22.jpg
ERROR - 2018-10-01 12:34:53 --> 404 Page Not Found: gsdfgfsd
ERROR - 2018-10-01 12:34:53 --> 404 Page Not Found: assets/img/9bfd8c22.jpg
ERROR - 2018-10-01 12:35:13 --> 404 Page Not Found: gsdfgfsd
ERROR - 2018-10-01 12:35:13 --> 404 Page Not Found: assets/img/9bfd8c22.jpg
ERROR - 2018-10-01 12:36:14 --> 404 Page Not Found: gsdfgfsd
ERROR - 2018-10-01 12:36:15 --> 404 Page Not Found: assets/img/9bfd8c22.jpg
ERROR - 2018-10-01 12:39:59 --> 404 Page Not Found: gsdfgfsd
ERROR - 2018-10-01 12:39:59 --> 404 Page Not Found: assets/img/9bfd8c22.jpg
ERROR - 2018-10-01 12:40:01 --> 404 Page Not Found: gsdfgfsd
ERROR - 2018-10-01 12:40:02 --> 404 Page Not Found: assets/img/9bfd8c22.jpg
ERROR - 2018-10-01 12:40:03 --> 404 Page Not Found: gsdfgfsd
ERROR - 2018-10-01 12:40:03 --> 404 Page Not Found: assets/img/9bfd8c22.jpg
ERROR - 2018-10-01 12:40:11 --> 404 Page Not Found: gsdfgfsd
ERROR - 2018-10-01 12:40:11 --> 404 Page Not Found: assets/img/9bfd8c22.jpg
ERROR - 2018-10-01 12:40:21 --> 404 Page Not Found: gsdfgfsd
ERROR - 2018-10-01 12:40:21 --> 404 Page Not Found: assets/img/9bfd8c22.jpg
ERROR - 2018-10-01 12:40:25 --> 404 Page Not Found: gsdfgfsd
ERROR - 2018-10-01 12:40:25 --> 404 Page Not Found: assets/img/9bfd8c22.jpg
ERROR - 2018-10-01 12:41:29 --> 404 Page Not Found: gsdfgfsd
ERROR - 2018-10-01 12:41:29 --> 404 Page Not Found: assets/img/9bfd8c22.jpg
ERROR - 2018-10-01 12:46:35 --> 404 Page Not Found: gsdfgfsd
ERROR - 2018-10-01 12:46:35 --> 404 Page Not Found: assets/img/9bfd8c22.jpg
ERROR - 2018-10-01 12:46:44 --> 404 Page Not Found: gsdfgfsd
ERROR - 2018-10-01 12:46:44 --> 404 Page Not Found: assets/img/9bfd8c22.jpg
ERROR - 2018-10-01 12:46:45 --> 404 Page Not Found: gsdfgfsd
ERROR - 2018-10-01 12:46:46 --> 404 Page Not Found: assets/img/9bfd8c22.jpg
ERROR - 2018-10-01 12:46:47 --> 404 Page Not Found: gsdfgfsd
ERROR - 2018-10-01 12:46:47 --> 404 Page Not Found: assets/img/9bfd8c22.jpg
ERROR - 2018-10-01 12:47:20 --> 404 Page Not Found: gsdfgfsd
ERROR - 2018-10-01 12:47:20 --> 404 Page Not Found: assets/img/9bfd8c22.jpg
ERROR - 2018-10-01 12:47:24 --> 404 Page Not Found: gsdfgfsd
ERROR - 2018-10-01 12:47:25 --> 404 Page Not Found: assets/img/9bfd8c22.jpg
ERROR - 2018-10-01 12:48:08 --> 404 Page Not Found: gsdfgfsd
ERROR - 2018-10-01 12:48:08 --> 404 Page Not Found: assets/img/9bfd8c22.jpg
ERROR - 2018-10-01 12:48:11 --> 404 Page Not Found: gsdfgfsd
ERROR - 2018-10-01 12:48:11 --> 404 Page Not Found: assets/img/9bfd8c22.jpg
ERROR - 2018-10-01 12:48:12 --> 404 Page Not Found: gsdfgfsd
ERROR - 2018-10-01 12:48:13 --> 404 Page Not Found: assets/img/9bfd8c22.jpg
ERROR - 2018-10-01 12:48:54 --> 404 Page Not Found: gsdfgfsd
ERROR - 2018-10-01 12:48:54 --> 404 Page Not Found: assets/img/9bfd8c22.jpg
ERROR - 2018-10-01 12:49:04 --> 404 Page Not Found: gsdfgfsd
ERROR - 2018-10-01 12:49:05 --> 404 Page Not Found: assets/img/9bfd8c22.jpg
ERROR - 2018-10-01 12:49:06 --> 404 Page Not Found: gsdfgfsd
ERROR - 2018-10-01 12:49:06 --> 404 Page Not Found: assets/img/9bfd8c22.jpg
ERROR - 2018-10-01 12:49:07 --> 404 Page Not Found: gsdfgfsd
ERROR - 2018-10-01 12:49:07 --> 404 Page Not Found: assets/img/9bfd8c22.jpg
ERROR - 2018-10-01 13:02:41 --> 404 Page Not Found: gsdfgfsd
ERROR - 2018-10-01 13:02:41 --> 404 Page Not Found: assets/img/9bfd8c22.jpg
ERROR - 2018-10-01 13:03:25 --> 404 Page Not Found: gsdfgfsd
ERROR - 2018-10-01 13:03:25 --> 404 Page Not Found: assets/img/9bfd8c22.jpg
ERROR - 2018-10-01 13:03:34 --> 404 Page Not Found: gsdfgfsd
ERROR - 2018-10-01 13:03:34 --> 404 Page Not Found: assets/img/9bfd8c22.jpg
ERROR - 2018-10-01 13:09:23 --> 404 Page Not Found: gsdfgfsd
ERROR - 2018-10-01 13:09:24 --> 404 Page Not Found: assets/img/9bfd8c22.jpg
ERROR - 2018-10-01 13:14:18 --> 404 Page Not Found: gsdfgfsd
ERROR - 2018-10-01 13:14:18 --> 404 Page Not Found: assets/img/9bfd8c22.jpg
ERROR - 2018-10-01 13:15:10 --> 404 Page Not Found: gsdfgfsd
ERROR - 2018-10-01 13:15:10 --> 404 Page Not Found: assets/img/9bfd8c22.jpg
ERROR - 2018-10-01 13:18:15 --> 404 Page Not Found: gsdfgfsd
ERROR - 2018-10-01 13:18:16 --> 404 Page Not Found: assets/img/9bfd8c22.jpg
ERROR - 2018-10-01 13:18:22 --> 404 Page Not Found: gsdfgfsd
ERROR - 2018-10-01 13:18:22 --> 404 Page Not Found: assets/img/9bfd8c22.jpg
ERROR - 2018-10-01 13:19:01 --> 404 Page Not Found: gsdfgfsd
ERROR - 2018-10-01 13:19:01 --> 404 Page Not Found: assets/img/9bfd8c22.jpg
ERROR - 2018-10-01 13:19:04 --> 404 Page Not Found: gsdfgfsd
ERROR - 2018-10-01 13:19:04 --> 404 Page Not Found: assets/img/9bfd8c22.jpg
ERROR - 2018-10-01 13:20:16 --> 404 Page Not Found: gsdfgfsd
ERROR - 2018-10-01 13:20:16 --> 404 Page Not Found: assets/img/9bfd8c22.jpg
ERROR - 2018-10-01 13:29:57 --> 404 Page Not Found: assets/js/bootstrap/popper.min.js.map
ERROR - 2018-10-01 13:29:57 --> 404 Page Not Found: assets/js/bootstrap/bootstrap.min.js.map
ERROR - 2018-10-01 13:29:57 --> 404 Page Not Found: assets/css/bootstrap/bootstrap.min.css.map
ERROR - 2018-10-01 13:30:52 --> 404 Page Not Found: assets/css/bootstrap/bootstrap.min.css.map
ERROR - 2018-10-01 13:30:52 --> 404 Page Not Found: assets/js/bootstrap/popper.min.js.map
ERROR - 2018-10-01 13:30:52 --> 404 Page Not Found: assets/js/bootstrap/bootstrap.min.js.map
ERROR - 2018-10-01 13:31:38 --> 404 Page Not Found: assets/js/bootstrap/popper.min.js.map
ERROR - 2018-10-01 13:31:38 --> 404 Page Not Found: assets/css/bootstrap/bootstrap.min.css.map
ERROR - 2018-10-01 13:31:38 --> 404 Page Not Found: assets/js/bootstrap/bootstrap.min.js.map
ERROR - 2018-10-01 15:02:04 --> 404 Page Not Found: gsdfgfsd
ERROR - 2018-10-01 15:02:05 --> 404 Page Not Found: assets/img/9bfd8c22.jpg
ERROR - 2018-10-01 15:42:24 --> 404 Page Not Found: gsdfgfsd
ERROR - 2018-10-01 16:08:15 --> 404 Page Not Found: gsdfgfsd
ERROR - 2018-10-01 16:08:17 --> 404 Page Not Found: assets/img/9bfd8c22.jpg
ERROR - 2018-10-01 16:09:07 --> 404 Page Not Found: gsdfgfsd
ERROR - 2018-10-01 16:09:07 --> 404 Page Not Found: assets/img/9bfd8c22.jpg
ERROR - 2018-10-01 16:09:21 --> 404 Page Not Found: gsdfgfsd
ERROR - 2018-10-01 16:09:21 --> 404 Page Not Found: assets/img/9bfd8c22.jpg
ERROR - 2018-10-01 16:09:26 --> 404 Page Not Found: gsdfgfsd
ERROR - 2018-10-01 16:09:26 --> 404 Page Not Found: assets/img/9bfd8c22.jpg
ERROR - 2018-10-01 16:09:36 --> 404 Page Not Found: gsdfgfsd
ERROR - 2018-10-01 16:09:36 --> 404 Page Not Found: assets/img/9bfd8c22.jpg
ERROR - 2018-10-01 16:09:40 --> 404 Page Not Found: gsdfgfsd
ERROR - 2018-10-01 16:09:40 --> 404 Page Not Found: assets/img/9bfd8c22.jpg
ERROR - 2018-10-01 16:12:03 --> 404 Page Not Found: gsdfgfsd
ERROR - 2018-10-01 16:12:24 --> 404 Page Not Found: gsdfgfsd
ERROR - 2018-10-01 16:12:24 --> 404 Page Not Found: assets/img/9bfd8c22.jpg
ERROR - 2018-10-01 16:18:07 --> 404 Page Not Found: gsdfgfsd
ERROR - 2018-10-01 16:18:07 --> 404 Page Not Found: assets/img/9bfd8c22.jpg
