ERROR - 2018-09-28 09:08:30 --> 404 Page Not Found: assets/img/ac3181ee.png
ERROR - 2018-09-28 09:09:53 --> 404 Page Not Found: assets/img/ac3181ee.png
ERROR - 2018-09-28 09:30:46 --> 404 Page Not Found: assets/img/ac3181ee.png
ERROR - 2018-09-28 09:31:01 --> Severity: Notice --> Undefined variable: result D:\OSPanel\domains\localhost\NestGarage\application\controllers\Main.php 201
ERROR - 2018-09-28 09:33:21 --> 404 Page Not Found: assets/img/ac3181ee.png
ERROR - 2018-09-28 09:34:23 --> Severity: Warning --> Cannot modify header information - headers already sent by (output started at D:\OSPanel\domains\localhost\NestGarage\application\controllers\Main.php:171) D:\OSPanel\domains\localhost\NestGarage\system\core\Common.php 570
ERROR - 2018-09-28 09:34:23 --> Severity: Error --> Call to undefined method Main::access_denied() D:\OSPanel\domains\localhost\NestGarage\application\controllers\Main.php 171
ERROR - 2018-09-28 09:34:46 --> Severity: Warning --> Cannot modify header information - headers already sent by (output started at D:\OSPanel\domains\localhost\NestGarage\application\controllers\Main.php:171) D:\OSPanel\domains\localhost\NestGarage\system\core\Common.php 570
ERROR - 2018-09-28 09:34:46 --> Severity: Error --> Call to undefined method Main::access_denied() D:\OSPanel\domains\localhost\NestGarage\application\controllers\Main.php 171
ERROR - 2018-09-28 09:35:41 --> Severity: Warning --> Cannot modify header information - headers already sent by (output started at D:\OSPanel\domains\localhost\NestGarage\application\controllers\Main.php:172) D:\OSPanel\domains\localhost\NestGarage\system\core\Common.php 570
ERROR - 2018-09-28 09:35:41 --> Severity: Error --> Call to undefined method Main::access_denied() D:\OSPanel\domains\localhost\NestGarage\application\controllers\Main.php 172
ERROR - 2018-09-28 09:35:51 --> 404 Page Not Found: assets/img/ac3181ee.png
ERROR - 2018-09-28 09:36:24 --> 404 Page Not Found: assets/img/ac3181ee.png
ERROR - 2018-09-28 09:43:59 --> Query error: You have an error in your SQL syntax; check the manual that corresponds to your MySQL server version for the right syntax to use near ''dg' at line 7 - Invalid query: INSERT INTO
							`form_email`
						SET 
					`name` = 'df',
					`email` = 'gdg',
					`country_code` = 'dg',
					`phone_number` = 'dg	
				
ERROR - 2018-09-28 09:43:59 --> Language file contains no data: language/armenian/db_lang.php
ERROR - 2018-09-28 09:43:59 --> Could not find the language line "db_error_heading"
ERROR - 2018-09-28 09:46:25 --> 404 Page Not Found: assets/img/ac3181ee.png
ERROR - 2018-09-28 09:47:52 --> 404 Page Not Found: assets/img/ac3181ee.png
ERROR - 2018-09-28 09:48:59 --> 404 Page Not Found: assets/img/ac3181ee.png
ERROR - 2018-09-28 09:49:59 --> 404 Page Not Found: assets/img/ac3181ee.png
ERROR - 2018-09-28 09:52:03 --> 404 Page Not Found: assets/img/ac3181ee.png
ERROR - 2018-09-28 09:56:31 --> 404 Page Not Found: assets/img/ac3181ee.png
ERROR - 2018-09-28 09:56:51 --> 404 Page Not Found: assets/img/ac3181ee.png
ERROR - 2018-09-28 09:57:17 --> 404 Page Not Found: assets/img/ac3181ee.png
ERROR - 2018-09-28 09:57:52 --> 404 Page Not Found: assets/img/ac3181ee.png
ERROR - 2018-09-28 10:03:34 --> 404 Page Not Found: assets/img/ac3181ee.png
ERROR - 2018-09-28 10:03:40 --> 404 Page Not Found: assets/img/ac3181ee.png
ERROR - 2018-09-28 10:04:21 --> 404 Page Not Found: assets/img/ac3181ee.png
ERROR - 2018-09-28 10:13:24 --> 404 Page Not Found: assets/img/ac3181ee.png
ERROR - 2018-09-28 10:14:00 --> 404 Page Not Found: assets/img/ac3181ee.png
ERROR - 2018-09-28 10:16:59 --> 404 Page Not Found: assets/img/ac3181ee.png
ERROR - 2018-09-28 10:17:32 --> 404 Page Not Found: assets/img/ac3181ee.png
ERROR - 2018-09-28 10:18:09 --> 404 Page Not Found: assets/img/ac3181ee.png
ERROR - 2018-09-28 10:19:43 --> 404 Page Not Found: assets/img/ac3181ee.png
ERROR - 2018-09-28 10:23:15 --> 404 Page Not Found: assets/img/ac3181ee.png
ERROR - 2018-09-28 10:24:34 --> 404 Page Not Found: assets/img/ac3181ee.png
ERROR - 2018-09-28 10:25:55 --> 404 Page Not Found: assets/img/ac3181ee.png
ERROR - 2018-09-28 10:26:10 --> 404 Page Not Found: assets/img/ac3181ee.png
ERROR - 2018-09-28 10:27:17 --> 404 Page Not Found: assets/img/ac3181ee.png
ERROR - 2018-09-28 10:27:52 --> 404 Page Not Found: assets/img/ac3181ee.png
ERROR - 2018-09-28 10:30:26 --> 404 Page Not Found: assets/img/ac3181ee.png
ERROR - 2018-09-28 10:30:50 --> 404 Page Not Found: assets/img/ac3181ee.png
ERROR - 2018-09-28 10:31:59 --> 404 Page Not Found: assets/img/ac3181ee.png
ERROR - 2018-09-28 10:34:10 --> 404 Page Not Found: assets/img/ac3181ee.png
ERROR - 2018-09-28 10:37:12 --> 404 Page Not Found: assets/img/ac3181ee.png
ERROR - 2018-09-28 10:37:56 --> 404 Page Not Found: assets/img/ac3181ee.png
ERROR - 2018-09-28 10:38:16 --> 404 Page Not Found: assets/img/ac3181ee.png
ERROR - 2018-09-28 10:38:23 --> 404 Page Not Found: assets/img/ac3181ee.png
ERROR - 2018-09-28 10:38:26 --> 404 Page Not Found: assets/img/ac3181ee.png
ERROR - 2018-09-28 10:39:10 --> 404 Page Not Found: assets/img/ac3181ee.png
ERROR - 2018-09-28 10:39:43 --> 404 Page Not Found: assets/img/ac3181ee.png
ERROR - 2018-09-28 10:39:45 --> 404 Page Not Found: assets/img/ac3181ee.png
ERROR - 2018-09-28 10:39:54 --> 404 Page Not Found: assets/img/ac3181ee.png
ERROR - 2018-09-28 10:49:14 --> 404 Page Not Found: assets/img/ac3181ee.png
ERROR - 2018-09-28 11:10:41 --> 404 Page Not Found: assets/img/ac3181ee.png
ERROR - 2018-09-28 11:10:52 --> 404 Page Not Found: assets/img/ac3181ee.png
ERROR - 2018-09-28 11:11:01 --> 404 Page Not Found: assets/img/ac3181ee.png
ERROR - 2018-09-28 11:11:09 --> 404 Page Not Found: assets/img/ac3181ee.png
ERROR - 2018-09-28 11:11:23 --> 404 Page Not Found: assets/img/ac3181ee.png
ERROR - 2018-09-28 11:11:28 --> 404 Page Not Found: assets/img/ac3181ee.png
ERROR - 2018-09-28 11:11:43 --> 404 Page Not Found: assets/img/ac3181ee.png
ERROR - 2018-09-28 11:12:06 --> 404 Page Not Found: assets/img/ac3181ee.png
ERROR - 2018-09-28 11:13:40 --> 404 Page Not Found: assets/img/ac3181ee.png
ERROR - 2018-09-28 11:13:53 --> 404 Page Not Found: assets/img/ac3181ee.png
ERROR - 2018-09-28 11:14:08 --> 404 Page Not Found: assets/img/ac3181ee.png
ERROR - 2018-09-28 11:14:16 --> 404 Page Not Found: assets/img/ac3181ee.png
ERROR - 2018-09-28 11:16:06 --> 404 Page Not Found: assets/img/ac3181ee.png
ERROR - 2018-09-28 11:17:22 --> 404 Page Not Found: assets/img/ac3181ee.png
ERROR - 2018-09-28 11:17:45 --> 404 Page Not Found: assets/img/ac3181ee.png
ERROR - 2018-09-28 11:18:40 --> 404 Page Not Found: assets/img/ac3181ee.png
ERROR - 2018-09-28 11:18:47 --> 404 Page Not Found: assets/img/ac3181ee.png
ERROR - 2018-09-28 11:19:04 --> 404 Page Not Found: assets/img/ac3181ee.png
ERROR - 2018-09-28 11:19:16 --> 404 Page Not Found: assets/img/ac3181ee.png
ERROR - 2018-09-28 11:20:40 --> 404 Page Not Found: assets/img/ac3181ee.png
ERROR - 2018-09-28 11:22:22 --> 404 Page Not Found: assets/img/ac3181ee.png
ERROR - 2018-09-28 11:23:08 --> 404 Page Not Found: assets/img/ac3181ee.png
ERROR - 2018-09-28 11:23:41 --> 404 Page Not Found: assets/img/ac3181ee.png
ERROR - 2018-09-28 11:27:29 --> 404 Page Not Found: assets/img/ac3181ee.png
ERROR - 2018-09-28 11:29:01 --> 404 Page Not Found: assets/img/ac3181ee.png
ERROR - 2018-09-28 11:29:29 --> 404 Page Not Found: assets/img/ac3181ee.png
ERROR - 2018-09-28 11:29:53 --> 404 Page Not Found: assets/img/ac3181ee.png
ERROR - 2018-09-28 11:31:14 --> 404 Page Not Found: assets/img/ac3181ee.png
ERROR - 2018-09-28 11:31:25 --> 404 Page Not Found: assets/img/ac3181ee.png
ERROR - 2018-09-28 11:31:43 --> 404 Page Not Found: assets/img/ac3181ee.png
ERROR - 2018-09-28 11:38:16 --> 404 Page Not Found: assets/img/ac3181ee.png
ERROR - 2018-09-28 11:39:54 --> 404 Page Not Found: assets/img/ac3181ee.png
ERROR - 2018-09-28 11:40:08 --> 404 Page Not Found: assets/img/ac3181ee.png
ERROR - 2018-09-28 11:41:20 --> 404 Page Not Found: assets/img/ac3181ee.png
ERROR - 2018-09-28 11:41:45 --> 404 Page Not Found: assets/img/ac3181ee.png
ERROR - 2018-09-28 11:42:24 --> 404 Page Not Found: assets/img/ac3181ee.png
ERROR - 2018-09-28 11:44:05 --> 404 Page Not Found: assets/img/ac3181ee.png
ERROR - 2018-09-28 11:44:30 --> 404 Page Not Found: assets/img/ac3181ee.png
ERROR - 2018-09-28 11:44:41 --> 404 Page Not Found: assets/img/ac3181ee.png
ERROR - 2018-09-28 11:48:53 --> 404 Page Not Found: assets/img/ac3181ee.png
ERROR - 2018-09-28 11:49:40 --> 404 Page Not Found: assets/img/ac3181ee.png
ERROR - 2018-09-28 11:50:35 --> 404 Page Not Found: assets/img/ac3181ee.png
ERROR - 2018-09-28 11:52:42 --> 404 Page Not Found: assets/img/ac3181ee.png
ERROR - 2018-09-28 11:53:29 --> 404 Page Not Found: assets/img/ac3181ee.png
ERROR - 2018-09-28 11:53:33 --> 404 Page Not Found: assets/img/ac3181ee.png
ERROR - 2018-09-28 11:54:14 --> 404 Page Not Found: assets/img/ac3181ee.png
ERROR - 2018-09-28 11:55:04 --> 404 Page Not Found: assets/img/ac3181ee.png
ERROR - 2018-09-28 11:55:52 --> 404 Page Not Found: assets/img/ac3181ee.png
ERROR - 2018-09-28 11:56:23 --> 404 Page Not Found: assets/img/ac3181ee.png
ERROR - 2018-09-28 11:56:33 --> 404 Page Not Found: assets/img/ac3181ee.png
ERROR - 2018-09-28 11:58:00 --> 404 Page Not Found: assets/img/ac3181ee.png
ERROR - 2018-09-28 11:58:05 --> 404 Page Not Found: assets/img/ac3181ee.png
ERROR - 2018-09-28 11:58:56 --> 404 Page Not Found: assets/img/ac3181ee.png
ERROR - 2018-09-28 11:59:10 --> 404 Page Not Found: assets/img/ac3181ee.png
ERROR - 2018-09-28 11:59:42 --> 404 Page Not Found: assets/img/ac3181ee.png
ERROR - 2018-09-28 12:00:16 --> 404 Page Not Found: assets/img/ac3181ee.png
ERROR - 2018-09-28 12:03:24 --> 404 Page Not Found: assets/img/ac3181ee.png
ERROR - 2018-09-28 12:03:29 --> 404 Page Not Found: assets/img/ac3181ee.png
ERROR - 2018-09-28 12:03:41 --> 404 Page Not Found: assets/img/ac3181ee.png
ERROR - 2018-09-28 12:04:06 --> 404 Page Not Found: assets/img/ac3181ee.png
ERROR - 2018-09-28 12:05:00 --> 404 Page Not Found: assets/img/ac3181ee.png
ERROR - 2018-09-28 12:06:22 --> 404 Page Not Found: assets/img/ac3181ee.png
ERROR - 2018-09-28 12:06:25 --> 404 Page Not Found: assets/img/ac3181ee.png
ERROR - 2018-09-28 12:06:41 --> 404 Page Not Found: assets/img/ac3181ee.png
ERROR - 2018-09-28 12:07:37 --> 404 Page Not Found: assets/img/ac3181ee.png
ERROR - 2018-09-28 12:08:04 --> 404 Page Not Found: assets/img/ac3181ee.png
ERROR - 2018-09-28 12:09:44 --> 404 Page Not Found: assets/img/ac3181ee.png
ERROR - 2018-09-28 12:10:52 --> 404 Page Not Found: assets/img/ac3181ee.png
ERROR - 2018-09-28 12:11:27 --> 404 Page Not Found: assets/img/ac3181ee.png
ERROR - 2018-09-28 12:12:16 --> 404 Page Not Found: assets/img/ac3181ee.png
ERROR - 2018-09-28 12:12:43 --> 404 Page Not Found: assets/img/ac3181ee.png
ERROR - 2018-09-28 12:14:16 --> 404 Page Not Found: assets/img/ac3181ee.png
ERROR - 2018-09-28 12:14:42 --> 404 Page Not Found: assets/img/ac3181ee.png
ERROR - 2018-09-28 12:15:07 --> 404 Page Not Found: assets/img/ac3181ee.png
ERROR - 2018-09-28 12:15:24 --> 404 Page Not Found: assets/img/ac3181ee.png
ERROR - 2018-09-28 12:15:31 --> 404 Page Not Found: assets/img/ac3181ee.png
ERROR - 2018-09-28 12:15:58 --> 404 Page Not Found: assets/img/ac3181ee.png
ERROR - 2018-09-28 12:16:53 --> 404 Page Not Found: assets/img/ac3181ee.png
ERROR - 2018-09-28 12:18:16 --> 404 Page Not Found: assets/img/ac3181ee.png
ERROR - 2018-09-28 12:19:00 --> 404 Page Not Found: assets/img/ac3181ee.png
ERROR - 2018-09-28 12:19:07 --> 404 Page Not Found: assets/img/ac3181ee.png
ERROR - 2018-09-28 12:19:21 --> 404 Page Not Found: assets/img/ac3181ee.png
ERROR - 2018-09-28 12:19:36 --> 404 Page Not Found: assets/img/ac3181ee.png
ERROR - 2018-09-28 12:20:06 --> 404 Page Not Found: assets/img/ac3181ee.png
ERROR - 2018-09-28 12:20:13 --> 404 Page Not Found: assets/img/ac3181ee.png
ERROR - 2018-09-28 12:20:51 --> 404 Page Not Found: assets/img/ac3181ee.png
ERROR - 2018-09-28 12:22:06 --> 404 Page Not Found: assets/img/ac3181ee.png
ERROR - 2018-09-28 12:22:18 --> 404 Page Not Found: assets/img/ac3181ee.png
ERROR - 2018-09-28 12:24:23 --> 404 Page Not Found: assets/img/ac3181ee.png
ERROR - 2018-09-28 12:25:09 --> 404 Page Not Found: assets/img/ac3181ee.png
ERROR - 2018-09-28 12:26:21 --> 404 Page Not Found: assets/img/ac3181ee.png
ERROR - 2018-09-28 12:34:14 --> 404 Page Not Found: assets/img/ac3181ee.png
ERROR - 2018-09-28 12:34:18 --> 404 Page Not Found: assets/img/ac3181ee.png
ERROR - 2018-09-28 12:35:49 --> 404 Page Not Found: assets/img/ac3181ee.png
ERROR - 2018-09-28 12:36:12 --> 404 Page Not Found: assets/img/ac3181ee.png
ERROR - 2018-09-28 12:37:01 --> 404 Page Not Found: assets/img/ac3181ee.png
ERROR - 2018-09-28 12:37:20 --> 404 Page Not Found: assets/img/ac3181ee.png
ERROR - 2018-09-28 12:38:08 --> 404 Page Not Found: assets/img/ac3181ee.png
ERROR - 2018-09-28 12:38:16 --> 404 Page Not Found: assets/img/ac3181ee.png
ERROR - 2018-09-28 12:41:56 --> 404 Page Not Found: assets/img/ac3181ee.png
ERROR - 2018-09-28 12:47:12 --> 404 Page Not Found: assets/img/ac3181ee.png
ERROR - 2018-09-28 12:50:50 --> 404 Page Not Found: assets/img/ac3181ee.png
ERROR - 2018-09-28 12:54:02 --> 404 Page Not Found: assets/img/ac3181ee.png
ERROR - 2018-09-28 12:54:03 --> 404 Page Not Found: assets/img/ac3181ee.png
ERROR - 2018-09-28 12:54:03 --> 404 Page Not Found: assets/img/ac3181ee.png
ERROR - 2018-09-28 12:54:03 --> 404 Page Not Found: assets/img/ac3181ee.png
ERROR - 2018-09-28 12:54:03 --> 404 Page Not Found: assets/img/ac3181ee.png
ERROR - 2018-09-28 12:54:44 --> 404 Page Not Found: assets/img/ac3181ee.png
ERROR - 2018-09-28 12:54:44 --> 404 Page Not Found: assets/img/ac3181ee.png
ERROR - 2018-09-28 12:54:44 --> 404 Page Not Found: assets/img/ac3181ee.png
ERROR - 2018-09-28 12:54:44 --> 404 Page Not Found: assets/img/ac3181ee.png
ERROR - 2018-09-28 12:54:44 --> 404 Page Not Found: assets/img/ac3181ee.png
ERROR - 2018-09-28 12:54:44 --> 404 Page Not Found: assets/img/ac3181ee.png
ERROR - 2018-09-28 12:54:44 --> 404 Page Not Found: assets/img/ac3181ee.png
ERROR - 2018-09-28 12:54:45 --> 404 Page Not Found: assets/img/ac3181ee.png
ERROR - 2018-09-28 12:54:45 --> 404 Page Not Found: assets/img/ac3181ee.png
ERROR - 2018-09-28 12:54:45 --> 404 Page Not Found: assets/img/ac3181ee.png
ERROR - 2018-09-28 12:58:08 --> 404 Page Not Found: assets/img/188d2f0a1.jpg
ERROR - 2018-09-28 12:58:08 --> 404 Page Not Found: assets/img/188d2f0a.jpg
ERROR - 2018-09-28 12:58:08 --> 404 Page Not Found: assets/img/75f214bf.jpg
ERROR - 2018-09-28 12:58:08 --> 404 Page Not Found: assets/img/75f214bf2.jpg
ERROR - 2018-09-28 12:58:08 --> 404 Page Not Found: assets/img/75f214bf1.jpg
ERROR - 2018-09-28 12:58:08 --> 404 Page Not Found: assets/img/9b31f6bd2.jpg
ERROR - 2018-09-28 12:58:08 --> 404 Page Not Found: assets/img/9b31f6bd4.jpg
ERROR - 2018-09-28 12:58:08 --> 404 Page Not Found: assets/img/9b31f6bd5.jpg
ERROR - 2018-09-28 12:58:08 --> 404 Page Not Found: assets/img/ac3181ee.png
ERROR - 2018-09-28 12:58:08 --> 404 Page Not Found: assets/img/161083462.jpg
ERROR - 2018-09-28 12:58:08 --> 404 Page Not Found: assets/img/75f214bf6.jpg
ERROR - 2018-09-28 12:58:08 --> 404 Page Not Found: assets/img/75f214bf4.jpg
ERROR - 2018-09-28 12:58:08 --> 404 Page Not Found: assets/img/75f214bf3.jpg
ERROR - 2018-09-28 12:58:13 --> 404 Page Not Found: assets/img/188d2f0a.jpg
ERROR - 2018-09-28 12:58:13 --> 404 Page Not Found: assets/img/188d2f0a1.jpg
ERROR - 2018-09-28 12:58:13 --> 404 Page Not Found: assets/img/75f214bf.jpg
ERROR - 2018-09-28 12:58:13 --> 404 Page Not Found: assets/img/9b31f6bd4.jpg
ERROR - 2018-09-28 12:58:13 --> 404 Page Not Found: assets/img/9b31f6bd2.jpg
ERROR - 2018-09-28 12:58:13 --> 404 Page Not Found: assets/img/75f214bf2.jpg
ERROR - 2018-09-28 12:58:13 --> 404 Page Not Found: assets/img/9b31f6bd5.jpg
ERROR - 2018-09-28 12:58:13 --> 404 Page Not Found: assets/img/ac3181ee.png
ERROR - 2018-09-28 12:58:13 --> 404 Page Not Found: assets/img/161083462.jpg
ERROR - 2018-09-28 12:58:13 --> 404 Page Not Found: assets/img/75f214bf6.jpg
ERROR - 2018-09-28 12:58:13 --> 404 Page Not Found: assets/img/75f214bf4.jpg
ERROR - 2018-09-28 12:58:13 --> 404 Page Not Found: assets/img/75f214bf3.jpg
ERROR - 2018-09-28 12:58:13 --> 404 Page Not Found: assets/img/75f214bf1.jpg
ERROR - 2018-09-28 12:58:52 --> 404 Page Not Found: assets/img/ac3181ee.png
ERROR - 2018-09-28 12:59:04 --> 404 Page Not Found: assets/img/188d2f0a.jpg
ERROR - 2018-09-28 12:59:04 --> 404 Page Not Found: assets/img/188d2f0a1.jpg%20
ERROR - 2018-09-28 12:59:22 --> 404 Page Not Found: assets/img/75f214bf1.jpg
ERROR - 2018-09-28 12:59:22 --> 404 Page Not Found: assets/img/75f214bf.jpg
ERROR - 2018-09-28 12:59:22 --> 404 Page Not Found: assets/img/75f214bf3.jpg
ERROR - 2018-09-28 12:59:22 --> 404 Page Not Found: assets/img/75f214bf2.jpg
ERROR - 2018-09-28 12:59:22 --> 404 Page Not Found: assets/img/9b31f6bd4.jpg
ERROR - 2018-09-28 12:59:22 --> 404 Page Not Found: assets/img/75f214bf6.jpg
ERROR - 2018-09-28 12:59:22 --> 404 Page Not Found: assets/img/75f214bf4.jpg
ERROR - 2018-09-28 12:59:22 --> 404 Page Not Found: assets/img/9b31f6bd2.jpg
ERROR - 2018-09-28 12:59:22 --> 404 Page Not Found: assets/img/75f214bf5.jpg
ERROR - 2018-09-28 12:59:22 --> 404 Page Not Found: assets/img/9b31f6bd3.jpg
ERROR - 2018-09-28 12:59:22 --> 404 Page Not Found: assets/img/9b31f6bd5.jpg
ERROR - 2018-09-28 12:59:22 --> 404 Page Not Found: assets/img/161083462.jpg
ERROR - 2018-09-28 12:59:51 --> 404 Page Not Found: assets/img/75f214bf.jpg
ERROR - 2018-09-28 12:59:51 --> 404 Page Not Found: assets/img/75f214bf1.jpg
ERROR - 2018-09-28 12:59:51 --> 404 Page Not Found: assets/img/75f214bf2.jpg
ERROR - 2018-09-28 12:59:51 --> 404 Page Not Found: assets/img/75f214bf3.jpg
ERROR - 2018-09-28 12:59:51 --> 404 Page Not Found: assets/img/9b31f6bd2.jpg
ERROR - 2018-09-28 12:59:51 --> 404 Page Not Found: assets/img/9b31f6bd3.jpg
ERROR - 2018-09-28 12:59:51 --> 404 Page Not Found: assets/img/75f214bf4.jpg
ERROR - 2018-09-28 12:59:51 --> 404 Page Not Found: assets/img/75f214bf5.jpg
ERROR - 2018-09-28 12:59:51 --> 404 Page Not Found: assets/img/9b31f6bd4.jpg
ERROR - 2018-09-28 12:59:51 --> 404 Page Not Found: assets/img/75f214bf6.jpg
ERROR - 2018-09-28 12:59:51 --> 404 Page Not Found: assets/img/9b31f6bd5.jpg
ERROR - 2018-09-28 12:59:51 --> 404 Page Not Found: assets/img/161083462.jpg
ERROR - 2018-09-28 13:00:37 --> 404 Page Not Found: assets/img/75f214bf6.jpg
ERROR - 2018-09-28 13:00:37 --> 404 Page Not Found: assets/img/161083462.jpg
ERROR - 2018-09-28 13:00:47 --> 404 Page Not Found: assets/img/75f214bf6.jpg
ERROR - 2018-09-28 13:00:47 --> 404 Page Not Found: assets/img/161083462.jpg
ERROR - 2018-09-28 13:00:51 --> 404 Page Not Found: assets/img/ac3181ee.png
ERROR - 2018-09-28 13:00:51 --> 404 Page Not Found: assets/img/75f214bf6.jpg
ERROR - 2018-09-28 13:00:51 --> 404 Page Not Found: assets/img/161083462.jpg
ERROR - 2018-09-28 13:01:20 --> 404 Page Not Found: assets/img/161083462.jpg
ERROR - 2018-09-28 13:01:25 --> 404 Page Not Found: assets/img/ac3181ee.png
ERROR - 2018-09-28 13:01:25 --> 404 Page Not Found: assets/img/161083462.jpg
ERROR - 2018-09-28 13:07:05 --> 404 Page Not Found: assets/img/ac3181ee.png
ERROR - 2018-09-28 13:07:05 --> 404 Page Not Found: assets/img/161083462.jpg
ERROR - 2018-09-28 13:09:12 --> 404 Page Not Found: assets/img/ac3181ee.png
ERROR - 2018-09-28 13:09:12 --> 404 Page Not Found: assets/img/161083462.jpg
ERROR - 2018-09-28 13:09:49 --> 404 Page Not Found: assets/img/ac3181ee.png
ERROR - 2018-09-28 13:09:49 --> 404 Page Not Found: assets/img/161083462.jpg
ERROR - 2018-09-28 13:11:10 --> 404 Page Not Found: assets/img/ac3181ee.png
ERROR - 2018-09-28 13:11:28 --> 404 Page Not Found: assets/img/ac3181ee.png
ERROR - 2018-09-28 13:12:04 --> 404 Page Not Found: assets/img/ac3181ee.png
ERROR - 2018-09-28 13:12:38 --> 404 Page Not Found: assets/img/ac3181ee.png
ERROR - 2018-09-28 13:41:57 --> 404 Page Not Found: assets/img/ac3181ee.png
ERROR - 2018-09-28 13:43:00 --> Severity: Notice --> Undefined variable: result D:\OSPanel\domains\localhost\NestGarage\application\modules\admin\views\functional_2.php 22
ERROR - 2018-09-28 13:50:06 --> 404 Page Not Found: assets/img/ac3181ee.png
ERROR - 2018-09-28 13:51:28 --> 404 Page Not Found: assets/img/ac3181ee.png
ERROR - 2018-09-28 13:52:21 --> 404 Page Not Found: assets/img/ac3181ee.png
ERROR - 2018-09-28 13:53:00 --> 404 Page Not Found: assets/img/ac3181ee.png
ERROR - 2018-09-28 13:53:04 --> 404 Page Not Found: assets/img/ac3181ee.png
ERROR - 2018-09-28 13:53:38 --> 404 Page Not Found: assets/img/ac3181ee.png
ERROR - 2018-09-28 13:54:06 --> 404 Page Not Found: assets/img/ac3181ee.png
ERROR - 2018-09-28 15:53:24 --> 404 Page Not Found: assets/css/bootstrap/bootstrap.min.css.map
ERROR - 2018-09-28 15:53:25 --> 404 Page Not Found: assets/js/bootstrap/popper.min.js.map
ERROR - 2018-09-28 15:53:25 --> 404 Page Not Found: assets/js/bootstrap/bootstrap.min.js.map
ERROR - 2018-09-28 15:53:37 --> 404 Page Not Found: assets/js/bootstrap/popper.min.js.map
ERROR - 2018-09-28 15:53:37 --> 404 Page Not Found: assets/js/bootstrap/bootstrap.min.js.map
ERROR - 2018-09-28 15:53:37 --> 404 Page Not Found: assets/css/bootstrap/bootstrap.min.css.map
ERROR - 2018-09-28 15:53:43 --> 404 Page Not Found: assets/js/bootstrap/popper.min.js.map
ERROR - 2018-09-28 15:53:43 --> 404 Page Not Found: assets/js/bootstrap/bootstrap.min.js.map
ERROR - 2018-09-28 15:53:43 --> 404 Page Not Found: assets/css/bootstrap/bootstrap.min.css.map
ERROR - 2018-09-28 15:53:49 --> 404 Page Not Found: assets/css/bootstrap/bootstrap.min.css.map
ERROR - 2018-09-28 15:53:49 --> 404 Page Not Found: assets/js/bootstrap/bootstrap.min.js.map
ERROR - 2018-09-28 15:53:49 --> 404 Page Not Found: assets/js/bootstrap/popper.min.js.map
ERROR - 2018-09-28 15:54:12 --> 404 Page Not Found: assets/js/bootstrap/bootstrap.min.js.map
ERROR - 2018-09-28 15:54:12 --> 404 Page Not Found: assets/js/bootstrap/popper.min.js.map
ERROR - 2018-09-28 15:54:12 --> 404 Page Not Found: assets/css/bootstrap/bootstrap.min.css.map
ERROR - 2018-09-28 15:54:16 --> 404 Page Not Found: assets/js/bootstrap/popper.min.js.map
ERROR - 2018-09-28 15:54:16 --> 404 Page Not Found: assets/js/bootstrap/bootstrap.min.js.map
ERROR - 2018-09-28 15:54:16 --> 404 Page Not Found: assets/css/bootstrap/bootstrap.min.css.map
ERROR - 2018-09-28 15:55:48 --> 404 Page Not Found: assets/js/bootstrap/bootstrap.min.js.map
ERROR - 2018-09-28 15:55:48 --> 404 Page Not Found: assets/js/bootstrap/popper.min.js.map
ERROR - 2018-09-28 15:55:48 --> 404 Page Not Found: assets/css/bootstrap/bootstrap.min.css.map
ERROR - 2018-09-28 15:56:56 --> 404 Page Not Found: assets/js/bootstrap/bootstrap.min.js.map
ERROR - 2018-09-28 15:56:56 --> 404 Page Not Found: assets/js/bootstrap/popper.min.js.map
ERROR - 2018-09-28 15:56:56 --> 404 Page Not Found: assets/css/bootstrap/bootstrap.min.css.map
ERROR - 2018-09-28 16:00:06 --> 404 Page Not Found: assets/css/bootstrap/bootstrap.min.css.map
ERROR - 2018-09-28 16:00:06 --> 404 Page Not Found: assets/js/bootstrap/popper.min.js.map
ERROR - 2018-09-28 16:00:07 --> 404 Page Not Found: assets/js/bootstrap/bootstrap.min.js.map
ERROR - 2018-09-28 16:00:59 --> 404 Page Not Found: assets/css/bootstrap/bootstrap.min.css.map
ERROR - 2018-09-28 16:00:59 --> 404 Page Not Found: assets/js/bootstrap/popper.min.js.map
ERROR - 2018-09-28 16:00:59 --> 404 Page Not Found: assets/js/bootstrap/bootstrap.min.js.map
ERROR - 2018-09-28 17:12:38 --> 404 Page Not Found: ../modules/admin/controllers/Sysadmin/faq_ax
ERROR - 2018-09-28 17:12:41 --> 404 Page Not Found: ../modules/admin/controllers/Sysadmin/faq_ax
ERROR - 2018-09-28 17:21:29 --> 404 Page Not Found: assets/js/bootstrap/bootstrap.min.js.map
ERROR - 2018-09-28 17:21:29 --> 404 Page Not Found: assets/js/bootstrap/popper.min.js.map
ERROR - 2018-09-28 17:21:29 --> 404 Page Not Found: assets/css/bootstrap/bootstrap.min.css.map
ERROR - 2018-09-28 17:23:13 --> 404 Page Not Found: assets/css/bootstrap/bootstrap.min.css.map
ERROR - 2018-09-28 17:23:13 --> 404 Page Not Found: assets/js/bootstrap/popper.min.js.map
ERROR - 2018-09-28 17:23:13 --> 404 Page Not Found: assets/js/bootstrap/bootstrap.min.js.map
ERROR - 2018-09-28 17:24:25 --> 404 Page Not Found: assets/css/bootstrap/bootstrap.min.css.map
ERROR - 2018-09-28 17:24:26 --> 404 Page Not Found: assets/js/bootstrap/popper.min.js.map
ERROR - 2018-09-28 17:24:26 --> 404 Page Not Found: assets/js/bootstrap/bootstrap.min.js.map
ERROR - 2018-09-28 17:24:50 --> 404 Page Not Found: assets/css/bootstrap/bootstrap.min.css.map
ERROR - 2018-09-28 17:24:50 --> 404 Page Not Found: assets/js/bootstrap/bootstrap.min.js.map
ERROR - 2018-09-28 17:24:50 --> 404 Page Not Found: assets/js/bootstrap/popper.min.js.map
ERROR - 2018-09-28 17:26:40 --> 404 Page Not Found: assets/css/bootstrap/bootstrap.min.css.map
ERROR - 2018-09-28 17:26:40 --> 404 Page Not Found: assets/js/bootstrap/bootstrap.min.js.map
ERROR - 2018-09-28 17:26:40 --> 404 Page Not Found: assets/js/bootstrap/popper.min.js.map
ERROR - 2018-09-28 17:27:42 --> 404 Page Not Found: assets/css/bootstrap/bootstrap.min.css.map
ERROR - 2018-09-28 17:27:43 --> 404 Page Not Found: assets/js/bootstrap/popper.min.js.map
ERROR - 2018-09-28 17:27:43 --> 404 Page Not Found: assets/js/bootstrap/bootstrap.min.js.map
ERROR - 2018-09-28 17:28:25 --> 404 Page Not Found: assets/css/bootstrap/bootstrap.min.css.map
ERROR - 2018-09-28 17:28:25 --> 404 Page Not Found: assets/js/bootstrap/bootstrap.min.js.map
ERROR - 2018-09-28 17:28:25 --> 404 Page Not Found: assets/js/bootstrap/popper.min.js.map
ERROR - 2018-09-28 17:28:29 --> 404 Page Not Found: assets/css/bootstrap/bootstrap.min.css.map
ERROR - 2018-09-28 17:28:30 --> 404 Page Not Found: assets/js/bootstrap/bootstrap.min.js.map
ERROR - 2018-09-28 17:28:30 --> 404 Page Not Found: assets/js/bootstrap/popper.min.js.map
ERROR - 2018-09-28 17:28:40 --> 404 Page Not Found: assets/css/bootstrap/bootstrap.min.css.map
ERROR - 2018-09-28 17:28:40 --> 404 Page Not Found: assets/js/bootstrap/bootstrap.min.js.map
ERROR - 2018-09-28 17:28:40 --> 404 Page Not Found: assets/js/bootstrap/popper.min.js.map
ERROR - 2018-09-28 17:28:44 --> 404 Page Not Found: assets/css/bootstrap/bootstrap.min.css.map
ERROR - 2018-09-28 17:28:44 --> 404 Page Not Found: assets/js/bootstrap/bootstrap.min.js.map
ERROR - 2018-09-28 17:28:44 --> 404 Page Not Found: assets/js/bootstrap/popper.min.js.map
ERROR - 2018-09-28 17:28:56 --> 404 Page Not Found: assets/css/bootstrap/bootstrap.min.css.map
ERROR - 2018-09-28 17:28:56 --> 404 Page Not Found: assets/js/bootstrap/popper.min.js.map
ERROR - 2018-09-28 17:28:56 --> 404 Page Not Found: assets/js/bootstrap/bootstrap.min.js.map
ERROR - 2018-09-28 17:29:14 --> 404 Page Not Found: assets/css/bootstrap/bootstrap.min.css.map
ERROR - 2018-09-28 17:29:14 --> 404 Page Not Found: assets/js/bootstrap/bootstrap.min.js.map
ERROR - 2018-09-28 17:29:14 --> 404 Page Not Found: assets/js/bootstrap/popper.min.js.map
ERROR - 2018-09-28 17:29:56 --> 404 Page Not Found: assets/js/bootstrap/popper.min.js.map
ERROR - 2018-09-28 17:29:56 --> 404 Page Not Found: assets/js/bootstrap/bootstrap.min.js.map
ERROR - 2018-09-28 17:29:56 --> 404 Page Not Found: assets/css/bootstrap/bootstrap.min.css.map
ERROR - 2018-09-28 17:32:06 --> 404 Page Not Found: assets/css/bootstrap/bootstrap.min.css.map
ERROR - 2018-09-28 17:32:06 --> 404 Page Not Found: assets/js/bootstrap/bootstrap.min.js.map
ERROR - 2018-09-28 17:32:06 --> 404 Page Not Found: assets/js/bootstrap/popper.min.js.map
ERROR - 2018-09-28 17:33:25 --> 404 Page Not Found: assets/css/bootstrap/bootstrap.min.css.map
ERROR - 2018-09-28 17:33:25 --> 404 Page Not Found: assets/js/bootstrap/popper.min.js.map
ERROR - 2018-09-28 17:33:25 --> 404 Page Not Found: assets/js/bootstrap/bootstrap.min.js.map
ERROR - 2018-09-28 17:35:37 --> 404 Page Not Found: assets/css/bootstrap/bootstrap.min.css.map
ERROR - 2018-09-28 17:35:37 --> 404 Page Not Found: assets/js/bootstrap/popper.min.js.map
ERROR - 2018-09-28 17:35:37 --> 404 Page Not Found: assets/js/bootstrap/bootstrap.min.js.map
ERROR - 2018-09-28 17:35:58 --> 404 Page Not Found: assets/css/bootstrap/bootstrap.min.css.map
ERROR - 2018-09-28 17:35:58 --> 404 Page Not Found: assets/js/bootstrap/popper.min.js.map
ERROR - 2018-09-28 17:35:58 --> 404 Page Not Found: assets/js/bootstrap/bootstrap.min.js.map
ERROR - 2018-09-28 17:37:06 --> 404 Page Not Found: assets/css/bootstrap/bootstrap.min.css.map
ERROR - 2018-09-28 17:37:06 --> 404 Page Not Found: assets/js/bootstrap/popper.min.js.map
ERROR - 2018-09-28 17:37:06 --> 404 Page Not Found: assets/js/bootstrap/bootstrap.min.js.map
ERROR - 2018-09-28 17:44:59 --> 404 Page Not Found: assets/css/bootstrap/bootstrap.min.css.map
ERROR - 2018-09-28 17:45:00 --> 404 Page Not Found: assets/js/bootstrap/bootstrap.min.js.map
ERROR - 2018-09-28 17:45:00 --> 404 Page Not Found: assets/js/bootstrap/popper.min.js.map
ERROR - 2018-09-28 17:45:35 --> 404 Page Not Found: assets/css/bootstrap/bootstrap.min.css.map
ERROR - 2018-09-28 17:45:35 --> 404 Page Not Found: assets/js/bootstrap/bootstrap.min.js.map
ERROR - 2018-09-28 17:45:35 --> 404 Page Not Found: assets/js/bootstrap/popper.min.js.map
ERROR - 2018-09-28 17:46:12 --> 404 Page Not Found: assets/css/bootstrap/bootstrap.min.css.map
ERROR - 2018-09-28 17:46:12 --> 404 Page Not Found: assets/js/bootstrap/popper.min.js.map
ERROR - 2018-09-28 17:46:12 --> 404 Page Not Found: assets/js/bootstrap/bootstrap.min.js.map
ERROR - 2018-09-28 17:48:42 --> 404 Page Not Found: assets/css/bootstrap/bootstrap.min.css.map
ERROR - 2018-09-28 17:48:42 --> 404 Page Not Found: assets/js/bootstrap/popper.min.js.map
ERROR - 2018-09-28 17:48:42 --> 404 Page Not Found: assets/js/bootstrap/bootstrap.min.js.map
ERROR - 2018-09-28 17:48:51 --> 404 Page Not Found: assets/css/bootstrap/bootstrap.min.css.map
ERROR - 2018-09-28 17:48:51 --> 404 Page Not Found: assets/js/bootstrap/bootstrap.min.js.map
ERROR - 2018-09-28 17:48:51 --> 404 Page Not Found: assets/js/bootstrap/popper.min.js.map
ERROR - 2018-09-28 17:50:54 --> 404 Page Not Found: assets/css/bootstrap/bootstrap.min.css.map
ERROR - 2018-09-28 17:50:54 --> 404 Page Not Found: assets/js/bootstrap/popper.min.js.map
ERROR - 2018-09-28 17:50:54 --> 404 Page Not Found: assets/js/bootstrap/bootstrap.min.js.map
ERROR - 2018-09-28 17:51:10 --> 404 Page Not Found: assets/css/bootstrap/bootstrap.min.css.map
ERROR - 2018-09-28 17:51:10 --> 404 Page Not Found: assets/js/bootstrap/bootstrap.min.js.map
ERROR - 2018-09-28 17:51:10 --> 404 Page Not Found: assets/js/bootstrap/popper.min.js.map
ERROR - 2018-09-28 17:51:21 --> 404 Page Not Found: assets/css/bootstrap/bootstrap.min.css.map
ERROR - 2018-09-28 17:51:21 --> 404 Page Not Found: assets/js/bootstrap/bootstrap.min.js.map
ERROR - 2018-09-28 17:51:21 --> 404 Page Not Found: assets/js/bootstrap/popper.min.js.map
ERROR - 2018-09-28 17:51:50 --> 404 Page Not Found: assets/css/bootstrap/bootstrap.min.css.map
ERROR - 2018-09-28 17:51:51 --> 404 Page Not Found: assets/js/bootstrap/bootstrap.min.js.map
ERROR - 2018-09-28 17:51:51 --> 404 Page Not Found: assets/js/bootstrap/popper.min.js.map
ERROR - 2018-09-28 17:52:14 --> 404 Page Not Found: assets/css/bootstrap/bootstrap.min.css.map
ERROR - 2018-09-28 17:52:14 --> 404 Page Not Found: assets/js/bootstrap/popper.min.js.map
ERROR - 2018-09-28 17:52:14 --> 404 Page Not Found: assets/js/bootstrap/bootstrap.min.js.map
ERROR - 2018-09-28 17:52:23 --> 404 Page Not Found: assets/css/bootstrap/bootstrap.min.css.map
ERROR - 2018-09-28 17:52:23 --> 404 Page Not Found: assets/js/bootstrap/popper.min.js.map
ERROR - 2018-09-28 17:52:23 --> 404 Page Not Found: assets/js/bootstrap/bootstrap.min.js.map
ERROR - 2018-09-28 17:54:38 --> 404 Page Not Found: assets/css/bootstrap/bootstrap.min.css.map
ERROR - 2018-09-28 17:54:38 --> 404 Page Not Found: assets/js/bootstrap/popper.min.js.map
ERROR - 2018-09-28 17:54:38 --> 404 Page Not Found: assets/js/bootstrap/bootstrap.min.js.map
ERROR - 2018-09-28 18:00:33 --> 404 Page Not Found: assets/css/bootstrap/bootstrap.min.css.map
ERROR - 2018-09-28 18:00:33 --> 404 Page Not Found: assets/js/bootstrap/popper.min.js.map
ERROR - 2018-09-28 18:00:33 --> 404 Page Not Found: assets/js/bootstrap/bootstrap.min.js.map
ERROR - 2018-09-28 18:00:52 --> 404 Page Not Found: assets/css/bootstrap/bootstrap.min.css.map
ERROR - 2018-09-28 18:00:53 --> 404 Page Not Found: assets/js/bootstrap/popper.min.js.map
ERROR - 2018-09-28 18:00:53 --> 404 Page Not Found: assets/js/bootstrap/bootstrap.min.js.map
ERROR - 2018-09-28 18:08:42 --> 404 Page Not Found: assets/img/188d2f0a1.jpg
ERROR - 2018-09-28 18:08:42 --> 404 Page Not Found: assets/img/188d2f0a.jpg
ERROR - 2018-09-28 18:08:42 --> 404 Page Not Found: assets/img/89992cc8.jpg
ERROR - 2018-09-28 18:08:42 --> 404 Page Not Found: assets/img/89992cc82.jpg
ERROR - 2018-09-28 18:08:42 --> 404 Page Not Found: assets/img/89992cc8.png
ERROR - 2018-09-28 18:08:42 --> 404 Page Not Found: assets/img/89992cc85.jpg
ERROR - 2018-09-28 18:08:42 --> 404 Page Not Found: assets/img/1c589f56.png
ERROR - 2018-09-28 18:08:42 --> 404 Page Not Found: assets/img/ac3181ee.png
ERROR - 2018-09-28 18:08:42 --> 404 Page Not Found: assets/img/89992cc81.png
ERROR - 2018-09-28 18:08:42 --> 404 Page Not Found: assets/img/9bfd8c22.jpg
ERROR - 2018-09-28 18:08:42 --> 404 Page Not Found: assets/img/469939c8.jpg
ERROR - 2018-09-28 18:08:42 --> 404 Page Not Found: assets/img/2fec4f29.jpg
ERROR - 2018-09-28 18:08:42 --> 404 Page Not Found: assets/img/89992cc84.jpg
ERROR - 2018-09-28 18:08:42 --> 404 Page Not Found: assets/img/89992cc86.jpg
ERROR - 2018-09-28 18:08:42 --> 404 Page Not Found: assets/img/89992cc83.jpg
ERROR - 2018-09-28 18:08:42 --> 404 Page Not Found: assets/img/89992cc81.jpg
ERROR - 2018-09-28 18:09:31 --> 404 Page Not Found: assets/img/ac3181ee.png
ERROR - 2018-09-28 18:09:34 --> 404 Page Not Found: assets/img/188d2f0a.jpg
ERROR - 2018-09-28 18:09:34 --> 404 Page Not Found: assets/img/188d2f0a1.jpg%20
ERROR - 2018-09-28 18:10:12 --> 404 Page Not Found: assets/img/89992cc8.jpg
ERROR - 2018-09-28 18:10:12 --> 404 Page Not Found: assets/img/89992cc82.jpg
ERROR - 2018-09-28 18:10:12 --> 404 Page Not Found: assets/img/89992cc8.png
ERROR - 2018-09-28 18:10:12 --> 404 Page Not Found: assets/img/89992cc85.jpg
ERROR - 2018-09-28 18:10:12 --> 404 Page Not Found: assets/img/89992cc81.png
ERROR - 2018-09-28 18:10:12 --> 404 Page Not Found: assets/img/1c589f56.png
ERROR - 2018-09-28 18:10:12 --> 404 Page Not Found: assets/img/ac3181ee.png
ERROR - 2018-09-28 18:10:12 --> 404 Page Not Found: assets/img/9bfd8c22.jpg
ERROR - 2018-09-28 18:10:12 --> 404 Page Not Found: assets/img/469939c8.jpg
ERROR - 2018-09-28 18:10:12 --> 404 Page Not Found: assets/img/2fec4f29.jpg
ERROR - 2018-09-28 18:10:12 --> 404 Page Not Found: assets/img/89992cc84.jpg
ERROR - 2018-09-28 18:10:12 --> 404 Page Not Found: assets/img/89992cc86.jpg
ERROR - 2018-09-28 18:10:12 --> 404 Page Not Found: assets/img/89992cc83.jpg
ERROR - 2018-09-28 18:10:12 --> 404 Page Not Found: assets/img/89992cc81.jpg
ERROR - 2018-09-28 18:10:25 --> 404 Page Not Found: assets/img/89992cc81.jpg
ERROR - 2018-09-28 18:10:25 --> 404 Page Not Found: assets/img/89992cc8.jpg
ERROR - 2018-09-28 18:10:25 --> 404 Page Not Found: assets/img/89992cc83.jpg
ERROR - 2018-09-28 18:10:25 --> 404 Page Not Found: assets/img/89992cc82.jpg
ERROR - 2018-09-28 18:10:25 --> 404 Page Not Found: assets/img/89992cc8.png
ERROR - 2018-09-28 18:10:25 --> 404 Page Not Found: assets/img/89992cc85.jpg
ERROR - 2018-09-28 18:10:25 --> 404 Page Not Found: assets/img/89992cc84.jpg
ERROR - 2018-09-28 18:10:25 --> 404 Page Not Found: assets/img/89992cc86.jpg
ERROR - 2018-09-28 18:10:25 --> 404 Page Not Found: assets/img/469939c8.jpg
ERROR - 2018-09-28 18:10:25 --> 404 Page Not Found: assets/img/1c589f56.png
ERROR - 2018-09-28 18:10:25 --> 404 Page Not Found: assets/img/89992cc81.png
ERROR - 2018-09-28 18:10:25 --> 404 Page Not Found: assets/img/2fec4f29.jpg
ERROR - 2018-09-28 18:10:30 --> 404 Page Not Found: assets/img/9bfd8c22.jpg
ERROR - 2018-09-28 18:10:41 --> 404 Page Not Found: assets/img/89992cc8.jpg
ERROR - 2018-09-28 18:10:41 --> 404 Page Not Found: assets/img/89992cc82.jpg
ERROR - 2018-09-28 18:10:41 --> 404 Page Not Found: assets/img/89992cc8.png
ERROR - 2018-09-28 18:10:41 --> 404 Page Not Found: assets/img/89992cc85.jpg
ERROR - 2018-09-28 18:10:41 --> 404 Page Not Found: assets/img/1c589f56.png
ERROR - 2018-09-28 18:10:41 --> 404 Page Not Found: assets/img/89992cc81.png
ERROR - 2018-09-28 18:10:41 --> 404 Page Not Found: assets/img/ac3181ee.png
ERROR - 2018-09-28 18:10:41 --> 404 Page Not Found: assets/img/2fec4f29.jpg
ERROR - 2018-09-28 18:10:41 --> 404 Page Not Found: assets/img/89992cc81.jpg
ERROR - 2018-09-28 18:10:41 --> 404 Page Not Found: assets/img/89992cc83.jpg
ERROR - 2018-09-28 18:10:41 --> 404 Page Not Found: assets/img/469939c8.jpg
ERROR - 2018-09-28 18:10:41 --> 404 Page Not Found: assets/img/89992cc86.jpg
ERROR - 2018-09-28 18:10:41 --> 404 Page Not Found: assets/img/89992cc84.jpg
ERROR - 2018-09-28 18:10:52 --> 404 Page Not Found: assets/img/ac3181ee.png
ERROR - 2018-09-28 18:11:08 --> 404 Page Not Found: assets/img/89992cc8.jpg
ERROR - 2018-09-28 18:11:08 --> 404 Page Not Found: assets/img/89992cc8.png
ERROR - 2018-09-28 18:11:08 --> 404 Page Not Found: assets/img/89992cc82.jpg
ERROR - 2018-09-28 18:11:08 --> 404 Page Not Found: assets/img/1c589f56.png
ERROR - 2018-09-28 18:11:08 --> 404 Page Not Found: assets/img/89992cc85.jpg
ERROR - 2018-09-28 18:11:08 --> 404 Page Not Found: assets/img/89992cc81.png
ERROR - 2018-09-28 18:11:08 --> 404 Page Not Found: assets/img/2fec4f29.jpg
ERROR - 2018-09-28 18:11:08 --> 404 Page Not Found: assets/img/469939c8.jpg
ERROR - 2018-09-28 18:11:08 --> 404 Page Not Found: assets/img/89992cc86.jpg
ERROR - 2018-09-28 18:11:08 --> 404 Page Not Found: assets/img/89992cc84.jpg
ERROR - 2018-09-28 18:11:08 --> 404 Page Not Found: assets/img/89992cc81.jpg
ERROR - 2018-09-28 18:11:08 --> 404 Page Not Found: assets/img/89992cc83.jpg
ERROR - 2018-09-28 18:11:32 --> 404 Page Not Found: assets/img/89992cc8.png
ERROR - 2018-09-28 18:11:32 --> 404 Page Not Found: assets/img/89992cc8.jpg
ERROR - 2018-09-28 18:11:32 --> 404 Page Not Found: assets/img/89992cc82.jpg
ERROR - 2018-09-28 18:11:32 --> 404 Page Not Found: assets/img/89992cc85.jpg
ERROR - 2018-09-28 18:11:32 --> 404 Page Not Found: assets/img/1c589f56.png
ERROR - 2018-09-28 18:11:32 --> 404 Page Not Found: assets/img/469939c8.jpg
ERROR - 2018-09-28 18:11:32 --> 404 Page Not Found: assets/img/89992cc86.jpg
ERROR - 2018-09-28 18:11:32 --> 404 Page Not Found: assets/img/89992cc84.jpg
ERROR - 2018-09-28 18:11:33 --> 404 Page Not Found: assets/img/89992cc83.jpg
ERROR - 2018-09-28 18:11:33 --> 404 Page Not Found: assets/img/89992cc81.jpg
